mode: set
stoneBanking/app/application/usecase/transfer/create_transfer.go:9.112,12.16 2 0
stoneBanking/app/application/usecase/transfer/create_transfer.go:16.2,17.16 2 0
stoneBanking/app/application/usecase/transfer/create_transfer.go:21.2,21.62 1 0
stoneBanking/app/application/usecase/transfer/create_transfer.go:25.2,34.16 3 0
stoneBanking/app/application/usecase/transfer/create_transfer.go:38.2,38.25 1 0
stoneBanking/app/application/usecase/transfer/create_transfer.go:12.16,14.3 1 0
stoneBanking/app/application/usecase/transfer/create_transfer.go:17.16,19.3 1 0
stoneBanking/app/application/usecase/transfer/create_transfer.go:21.62,23.3 1 0
stoneBanking/app/application/usecase/transfer/create_transfer.go:34.16,36.3 1 0
stoneBanking/app/gateway/database/postgres/accounts/accounts.go:12.64,16.2 1 0
stoneBanking/app/gateway/database/postgres/transfers/transfer.go:12.66,16.2 1 0
stoneBanking/app/gateway/web/account/vo/output/accounts.go:19.63,28.2 2 0
stoneBanking/app/application/usecase/account/login_user.go:9.100,11.16 2 0
stoneBanking/app/application/usecase/account/login_user.go:15.2,16.16 2 0
stoneBanking/app/application/usecase/account/login_user.go:20.2,21.16 2 0
stoneBanking/app/application/usecase/account/login_user.go:25.2,25.19 1 0
stoneBanking/app/application/usecase/account/login_user.go:11.16,13.3 1 0
stoneBanking/app/application/usecase/account/login_user.go:16.16,18.3 1 0
stoneBanking/app/application/usecase/account/login_user.go:21.16,23.3 1 0
stoneBanking/app/application/usecase/account/usecase.go:21.71,26.2 1 0
stoneBanking/app/domain/types/money.go:5.28,7.2 1 0
stoneBanking/app/domain/types/money.go:9.34,11.2 1 0
stoneBanking/app/domain/entities/account/mock.go:16.88,18.2 1 0
stoneBanking/app/domain/entities/account/mock.go:20.100,22.2 1 0
stoneBanking/app/domain/entities/account/mock.go:23.92,25.2 1 0
stoneBanking/app/domain/entities/account/mock.go:27.73,29.2 1 0
stoneBanking/app/domain/entities/account/mock.go:30.107,32.2 1 0
stoneBanking/app/gateway/web/token/generate_token.go:5.98,21.16 6 0
stoneBanking/app/gateway/web/token/generate_token.go:24.2,24.25 1 0
stoneBanking/app/gateway/web/token/generate_token.go:21.16,23.3 1 0
stoneBanking/app/gateway/web/transfer/vo/input/transfers.go:14.76,21.2 2 0
stoneBanking/app/application/usecase/transfer/usecase.go:21.77,26.2 1 0
stoneBanking/app/gateway/web/middleware/middleware.go:9.81,12.23 2 0
stoneBanking/app/gateway/web/middleware/middleware.go:16.2,17.16 2 0
stoneBanking/app/gateway/web/middleware/middleware.go:20.2,20.31 1 0
stoneBanking/app/gateway/web/middleware/middleware.go:12.23,14.3 1 0
stoneBanking/app/gateway/web/middleware/middleware.go:17.16,19.3 1 0
stoneBanking/app/gateway/web/token/token.go:11.58,15.2 1 0
stoneBanking/main.go:12.13,16.16 3 0
stoneBanking/main.go:20.2,28.42 6 0
stoneBanking/main.go:16.16,18.3 1 0
stoneBanking/app/gateway/web/account/vo/input/validations/create_account.go:8.93,10.16 2 1
stoneBanking/app/gateway/web/account/vo/input/validations/create_account.go:14.2,15.16 2 1
stoneBanking/app/gateway/web/account/vo/input/validations/create_account.go:19.2,20.16 2 1
stoneBanking/app/gateway/web/account/vo/input/validations/create_account.go:24.2,25.16 2 1
stoneBanking/app/gateway/web/account/vo/input/validations/create_account.go:29.2,29.25 1 1
stoneBanking/app/gateway/web/account/vo/input/validations/create_account.go:10.16,12.3 1 1
stoneBanking/app/gateway/web/account/vo/input/validations/create_account.go:15.16,17.3 1 1
stoneBanking/app/gateway/web/account/vo/input/validations/create_account.go:20.16,22.3 1 1
stoneBanking/app/gateway/web/account/vo/input/validations/create_account.go:25.16,27.3 1 1
stoneBanking/app/gateway/web/account/vo/input/validations/create_account.go:32.46,33.16 1 1
stoneBanking/app/gateway/web/account/vo/input/validations/create_account.go:37.2,37.18 1 1
stoneBanking/app/gateway/web/account/vo/input/validations/create_account.go:33.16,35.3 1 1
stoneBanking/app/gateway/web/account/vo/input/validations/create_account.go:40.44,41.15 1 1
stoneBanking/app/gateway/web/account/vo/input/validations/create_account.go:45.2,45.20 1 1
stoneBanking/app/gateway/web/account/vo/input/validations/create_account.go:49.2,49.22 1 1
stoneBanking/app/gateway/web/account/vo/input/validations/create_account.go:53.2,53.30 1 1
stoneBanking/app/gateway/web/account/vo/input/validations/create_account.go:56.2,56.18 1 1
stoneBanking/app/gateway/web/account/vo/input/validations/create_account.go:41.15,43.3 1 1
stoneBanking/app/gateway/web/account/vo/input/validations/create_account.go:45.20,47.3 1 1
stoneBanking/app/gateway/web/account/vo/input/validations/create_account.go:49.22,51.3 1 1
stoneBanking/app/gateway/web/account/vo/input/validations/create_account.go:53.30,55.3 1 1
stoneBanking/app/gateway/web/account/vo/input/validations/create_account.go:59.50,60.18 1 1
stoneBanking/app/gateway/web/account/vo/input/validations/create_account.go:64.2,64.18 1 1
stoneBanking/app/gateway/web/account/vo/input/validations/create_account.go:60.18,62.3 1 1
stoneBanking/app/gateway/web/account/vo/input/validations/create_account.go:67.49,68.17 1 1
stoneBanking/app/gateway/web/account/vo/input/validations/create_account.go:72.2,72.18 1 1
stoneBanking/app/gateway/web/account/vo/input/validations/create_account.go:68.17,70.3 1 1
stoneBanking/app/gateway/web/account/vo/input/validations/create_account.go:75.34,78.24 2 1
stoneBanking/app/gateway/web/account/vo/input/validations/create_account.go:83.2,85.65 3 1
stoneBanking/app/gateway/web/account/vo/input/validations/create_account.go:78.24,81.3 2 1
stoneBanking/app/gateway/web/account/vo/input/validations/create_account.go:88.53,90.35 2 1
stoneBanking/app/gateway/web/account/vo/input/validations/create_account.go:93.2,97.33 4 1
stoneBanking/app/gateway/web/account/vo/input/validations/create_account.go:101.2,101.15 1 1
stoneBanking/app/gateway/web/account/vo/input/validations/create_account.go:90.35,92.3 1 1
stoneBanking/app/gateway/web/account/vo/input/validations/create_account.go:97.33,99.3 1 0
stoneBanking/app/gateway/web/account/vo/input/validations/create_account.go:104.54,106.35 2 1
stoneBanking/app/gateway/web/account/vo/input/validations/create_account.go:109.2,113.33 4 1
stoneBanking/app/gateway/web/account/vo/input/validations/create_account.go:117.2,117.15 1 1
stoneBanking/app/gateway/web/account/vo/input/validations/create_account.go:106.35,108.3 1 1
stoneBanking/app/gateway/web/account/vo/input/validations/create_account.go:113.33,115.3 1 1
stoneBanking/app/gateway/web/account/vo/input/validations/create_account.go:120.42,123.52 2 1
stoneBanking/app/gateway/web/account/vo/input/validations/create_account.go:127.2,127.13 1 1
stoneBanking/app/gateway/web/account/vo/input/validations/create_account.go:123.52,125.3 1 1
stoneBanking/app/application/usecase/account/create_account.go:11.107,13.16 2 0
stoneBanking/app/application/usecase/account/create_account.go:17.2,19.16 2 0
stoneBanking/app/application/usecase/account/create_account.go:23.2,23.26 1 0
stoneBanking/app/application/usecase/account/create_account.go:27.2,29.16 2 0
stoneBanking/app/application/usecase/account/create_account.go:33.2,33.27 1 0
stoneBanking/app/application/usecase/account/create_account.go:13.16,15.3 1 0
stoneBanking/app/application/usecase/account/create_account.go:19.16,21.3 1 0
stoneBanking/app/application/usecase/account/create_account.go:23.26,25.3 1 0
stoneBanking/app/application/usecase/account/create_account.go:29.16,31.3 1 0
stoneBanking/app/gateway/web/server/usecase.go:13.69,18.2 1 0
stoneBanking/app/domain/types/password.go:9.35,13.2 3 0
stoneBanking/app/domain/types/password.go:15.53,18.2 2 0
stoneBanking/app/domain/types/password.go:20.37,22.2 1 1
stoneBanking/app/gateway/database/postgres/accounts/create_account.go:8.118,27.16 4 0
stoneBanking/app/gateway/database/postgres/accounts/create_account.go:31.2,31.24 1 0
stoneBanking/app/gateway/database/postgres/accounts/create_account.go:27.16,29.3 1 0
stoneBanking/app/gateway/web/transfer/vo/input/validations/transfer/create_transfer.go:7.96,8.67 1 0
stoneBanking/app/gateway/web/transfer/vo/input/validations/transfer/create_transfer.go:12.2,12.40 1 0
stoneBanking/app/gateway/web/transfer/vo/input/validations/transfer/create_transfer.go:16.2,16.41 1 0
stoneBanking/app/gateway/web/transfer/vo/input/validations/transfer/create_transfer.go:20.2,20.30 1 0
stoneBanking/app/gateway/web/transfer/vo/input/validations/transfer/create_transfer.go:24.2,24.26 1 0
stoneBanking/app/gateway/web/transfer/vo/input/validations/transfer/create_transfer.go:8.67,10.3 1 0
stoneBanking/app/gateway/web/transfer/vo/input/validations/transfer/create_transfer.go:12.40,14.3 1 0
stoneBanking/app/gateway/web/transfer/vo/input/validations/transfer/create_transfer.go:16.41,18.3 1 0
stoneBanking/app/gateway/web/transfer/vo/input/validations/transfer/create_transfer.go:20.30,22.3 1 0
stoneBanking/app/gateway/web/account/vo/input/validations/login_user.go:8.64,9.21 1 1
stoneBanking/app/gateway/web/account/vo/input/validations/login_user.go:13.2,13.24 1 1
stoneBanking/app/gateway/web/account/vo/input/validations/login_user.go:17.2,17.12 1 1
stoneBanking/app/gateway/web/account/vo/input/validations/login_user.go:9.21,11.3 1 1
stoneBanking/app/gateway/web/account/vo/input/validations/login_user.go:13.24,15.3 1 1
stoneBanking/app/application/usecase/account/get_balance.go:9.92,11.16 2 0
stoneBanking/app/application/usecase/account/get_balance.go:14.2,14.43 1 0
stoneBanking/app/application/usecase/account/get_balance.go:11.16,13.3 1 0
stoneBanking/app/gateway/web/transfer/vo/output/transfers.go:13.76,22.2 2 0
stoneBanking/app/gateway/web/server/repositories.go:19.83,25.2 1 0
stoneBanking/app/application/usecase/account/get_all_accounts.go:9.80,12.16 3 0
stoneBanking/app/application/usecase/account/get_all_accounts.go:16.2,16.22 1 0
stoneBanking/app/application/usecase/account/get_all_accounts.go:12.16,14.3 1 0
stoneBanking/app/application/usecase/transfer/get_all_by_account_id.go:9.121,11.16 2 0
stoneBanking/app/application/usecase/transfer/get_all_by_account_id.go:15.2,16.16 2 0
stoneBanking/app/application/usecase/transfer/get_all_by_account_id.go:20.2,20.23 1 0
stoneBanking/app/application/usecase/transfer/get_all_by_account_id.go:11.16,13.3 1 0
stoneBanking/app/application/usecase/transfer/get_all_by_account_id.go:16.16,18.3 1 0
stoneBanking/app/gateway/database/postgres/accounts/get_by_id.go:9.127,27.16 5 0
stoneBanking/app/gateway/database/postgres/accounts/get_by_id.go:31.2,31.24 1 0
stoneBanking/app/gateway/database/postgres/accounts/get_by_id.go:27.16,29.3 1 0
stoneBanking/app/gateway/web/transfer/transfer.go:13.71,18.2 1 0
stoneBanking/app/gateway/web/server/handler.go:17.77,30.2 12 0
stoneBanking/app/common/utils/config/config.go:12.26,20.2 2 0
stoneBanking/app/gateway/web/account/get_balance.go:10.82,12.16 2 0
stoneBanking/app/gateway/web/account/get_balance.go:17.2,18.16 2 0
stoneBanking/app/gateway/web/account/get_balance.go:23.2,27.42 2 0
stoneBanking/app/gateway/web/account/get_balance.go:12.16,15.3 2 0
stoneBanking/app/gateway/web/account/get_balance.go:18.16,21.3 2 0
stoneBanking/app/gateway/web/transfer/create_transfer.go:14.77,17.16 2 0
stoneBanking/app/gateway/web/transfer/create_transfer.go:21.2,23.16 3 0
stoneBanking/app/gateway/web/transfer/create_transfer.go:28.2,33.16 4 0
stoneBanking/app/gateway/web/transfer/create_transfer.go:37.2,39.16 3 0
stoneBanking/app/gateway/web/transfer/create_transfer.go:44.2,45.43 2 0
stoneBanking/app/gateway/web/transfer/create_transfer.go:17.16,19.3 1 0
stoneBanking/app/gateway/web/transfer/create_transfer.go:23.16,26.3 2 0
stoneBanking/app/gateway/web/transfer/create_transfer.go:33.16,35.3 1 0
stoneBanking/app/gateway/web/transfer/create_transfer.go:39.16,42.3 2 0
stoneBanking/app/application/usecase/account/validations/create_acount.go:8.61,9.28 1 0
stoneBanking/app/application/usecase/account/validations/create_acount.go:13.2,13.27 1 0
stoneBanking/app/application/usecase/account/validations/create_acount.go:17.2,17.30 1 0
stoneBanking/app/application/usecase/account/validations/create_acount.go:21.2,21.29 1 0
stoneBanking/app/application/usecase/account/validations/create_acount.go:25.2,25.12 1 0
stoneBanking/app/application/usecase/account/validations/create_acount.go:9.28,11.3 1 0
stoneBanking/app/application/usecase/account/validations/create_acount.go:13.27,15.3 1 0
stoneBanking/app/application/usecase/account/validations/create_acount.go:17.30,19.3 1 0
stoneBanking/app/application/usecase/account/validations/create_acount.go:21.29,23.3 1 0
stoneBanking/app/gateway/database/postgres/transfers/get_all_by_account_id.go:9.126,24.16 4 0
stoneBanking/app/gateway/database/postgres/transfers/get_all_by_account_id.go:28.2,30.20 2 0
stoneBanking/app/gateway/database/postgres/transfers/get_all_by_account_id.go:48.2,48.23 1 0
stoneBanking/app/gateway/database/postgres/transfers/get_all_by_account_id.go:24.16,26.3 1 0
stoneBanking/app/gateway/database/postgres/transfers/get_all_by_account_id.go:30.20,41.17 2 0
stoneBanking/app/gateway/database/postgres/transfers/get_all_by_account_id.go:45.3,45.46 1 0
stoneBanking/app/gateway/database/postgres/transfers/get_all_by_account_id.go:41.17,43.4 1 0
stoneBanking/app/gateway/database/postgres/transfers/create_transfers.go:8.116,37.16 5 0
stoneBanking/app/gateway/database/postgres/transfers/create_transfers.go:41.2,49.16 4 0
stoneBanking/app/gateway/database/postgres/transfers/create_transfers.go:53.2,54.16 2 0
stoneBanking/app/gateway/database/postgres/transfers/create_transfers.go:58.2,59.16 2 0
stoneBanking/app/gateway/database/postgres/transfers/create_transfers.go:63.2,64.16 2 0
stoneBanking/app/gateway/database/postgres/transfers/create_transfers.go:68.2,68.26 1 0
stoneBanking/app/gateway/database/postgres/transfers/create_transfers.go:37.16,39.3 1 0
stoneBanking/app/gateway/database/postgres/transfers/create_transfers.go:49.16,51.3 1 0
stoneBanking/app/gateway/database/postgres/transfers/create_transfers.go:54.16,56.3 1 0
stoneBanking/app/gateway/database/postgres/transfers/create_transfers.go:59.16,61.3 1 0
stoneBanking/app/gateway/database/postgres/transfers/create_transfers.go:64.16,66.3 1 0
stoneBanking/app/domain/entities/token/mock.go:8.98,10.2 1 0
stoneBanking/app/domain/entities/token/mock.go:11.104,13.2 1 0
stoneBanking/app/gateway/web/account/vo/input/account.go:16.71,25.2 2 0
stoneBanking/app/gateway/web/account/create_account.go:13.78,17.16 3 0
stoneBanking/app/gateway/web/account/create_account.go:22.2,23.16 2 0
stoneBanking/app/gateway/web/account/create_account.go:28.2,31.16 3 0
stoneBanking/app/gateway/web/account/create_account.go:36.2,38.16 3 0
stoneBanking/app/gateway/web/account/create_account.go:43.2,45.42 2 0
stoneBanking/app/gateway/web/account/create_account.go:17.16,20.3 2 0
stoneBanking/app/gateway/web/account/create_account.go:23.16,26.3 2 0
stoneBanking/app/gateway/web/account/create_account.go:31.16,34.3 2 0
stoneBanking/app/gateway/web/account/create_account.go:38.16,41.3 2 0
stoneBanking/app/gateway/web/transfer/get_all_by_account_id.go:12.88,14.16 2 0
stoneBanking/app/gateway/web/transfer/get_all_by_account_id.go:18.2,21.37 3 0
stoneBanking/app/gateway/web/transfer/get_all_by_account_id.go:26.2,26.16 1 0
stoneBanking/app/gateway/web/transfer/get_all_by_account_id.go:31.2,31.44 1 0
stoneBanking/app/gateway/web/transfer/get_all_by_account_id.go:14.16,16.3 1 0
stoneBanking/app/gateway/web/transfer/get_all_by_account_id.go:21.37,24.3 2 0
stoneBanking/app/gateway/web/transfer/get_all_by_account_id.go:26.16,29.3 2 0
stoneBanking/app/domain/types/document.go:7.49,12.2 4 0
stoneBanking/app/domain/types/document.go:14.39,16.2 1 1
stoneBanking/app/gateway/database/postgres/accounts/get_by_cpf.go:8.111,27.16 5 0
stoneBanking/app/gateway/database/postgres/accounts/get_by_cpf.go:31.2,31.24 1 0
stoneBanking/app/gateway/database/postgres/accounts/get_by_cpf.go:27.16,29.3 1 0
stoneBanking/app/gateway/database/postgres/transfers/get_by_id.go:9.114,27.16 5 0
stoneBanking/app/gateway/database/postgres/transfers/get_by_id.go:31.2,31.26 1 0
stoneBanking/app/gateway/database/postgres/transfers/get_by_id.go:27.16,29.3 1 0
stoneBanking/app/gateway/web/account/account.go:13.78,18.2 1 0
stoneBanking/app/gateway/web/account/login_user.go:15.81,18.16 3 0
stoneBanking/app/gateway/web/account/login_user.go:23.2,26.16 3 0
stoneBanking/app/gateway/web/account/login_user.go:31.2,37.16 3 0
stoneBanking/app/gateway/web/account/login_user.go:42.2,46.40 2 0
stoneBanking/app/gateway/web/account/login_user.go:18.16,21.3 2 0
stoneBanking/app/gateway/web/account/login_user.go:26.16,29.3 2 0
stoneBanking/app/gateway/web/account/login_user.go:37.16,40.3 2 0
stoneBanking/app/gateway/database/postgres/accounts/update_balance_with_id.go:8.119,19.16 3 0
stoneBanking/app/gateway/database/postgres/accounts/update_balance_with_id.go:22.2,22.12 1 0
stoneBanking/app/gateway/database/postgres/accounts/update_balance_with_id.go:19.16,21.3 1 0
stoneBanking/app/gateway/database/postgres/transfers/get_all.go:8.86,17.16 4 0
stoneBanking/app/gateway/database/postgres/transfers/get_all.go:21.2,23.20 2 0
stoneBanking/app/gateway/database/postgres/transfers/get_all.go:31.2,31.23 1 0
stoneBanking/app/gateway/database/postgres/transfers/get_all.go:17.16,19.3 1 0
stoneBanking/app/gateway/database/postgres/transfers/get_all.go:23.20,25.17 2 0
stoneBanking/app/gateway/database/postgres/transfers/get_all.go:28.3,28.46 1 0
stoneBanking/app/gateway/database/postgres/transfers/get_all.go:25.17,27.4 1 0
stoneBanking/app/gateway/database/postgres/accounts/get_all.go:8.92,18.16 4 0
stoneBanking/app/gateway/database/postgres/accounts/get_all.go:22.2,24.20 2 0
stoneBanking/app/gateway/database/postgres/accounts/get_all.go:32.2,32.22 1 0
stoneBanking/app/gateway/database/postgres/accounts/get_all.go:18.16,20.3 1 0
stoneBanking/app/gateway/database/postgres/accounts/get_all.go:24.20,26.17 2 0
stoneBanking/app/gateway/database/postgres/accounts/get_all.go:29.3,29.43 1 0
stoneBanking/app/gateway/database/postgres/accounts/get_all.go:26.17,28.4 1 0
stoneBanking/app/gateway/web/account/get_all_accounts.go:9.78,13.35 3 0
stoneBanking/app/gateway/web/account/get_all_accounts.go:17.2,17.16 1 0
stoneBanking/app/gateway/web/account/get_all_accounts.go:22.2,22.43 1 0
stoneBanking/app/gateway/web/account/get_all_accounts.go:13.35,16.3 2 0
stoneBanking/app/gateway/web/account/get_all_accounts.go:17.16,20.3 2 0
stoneBanking/app/gateway/web/token/extract_account_id.go:5.107,12.106 3 0
stoneBanking/app/gateway/web/token/extract_account_id.go:15.2,15.16 1 0
stoneBanking/app/gateway/web/token/extract_account_id.go:19.2,20.27 2 0
stoneBanking/app/gateway/web/token/extract_account_id.go:12.106,14.3 1 0
stoneBanking/app/gateway/web/token/extract_account_id.go:15.16,17.3 1 0
stoneBanking/app/gateway/database/postgres/postgres.go:15.47,23.16 5 0
stoneBanking/app/gateway/database/postgres/postgres.go:26.2,26.15 1 0
stoneBanking/app/gateway/database/postgres/postgres.go:23.16,25.3 1 0
stoneBanking/app/gateway/database/postgres/postgres.go:29.35,31.2 1 0
stoneBanking/app/gateway/database/postgres/postgres.go:33.56,36.16 2 0
stoneBanking/app/gateway/database/postgres/postgres.go:40.2,42.16 2 0
stoneBanking/app/gateway/database/postgres/postgres.go:46.2,46.12 1 0
stoneBanking/app/gateway/database/postgres/postgres.go:36.16,38.3 1 0
stoneBanking/app/gateway/database/postgres/postgres.go:42.16,44.3 1 0
stoneBanking/app/gateway/database/postgres/transfers/get_by_id.go:9.114,27.16 5 0
stoneBanking/app/gateway/database/postgres/transfers/get_by_id.go:31.2,31.26 1 0
stoneBanking/app/gateway/database/postgres/transfers/get_by_id.go:27.16,29.3 1 0
stoneBanking/app/gateway/web/account/login_user.go:15.81,18.16 3 0
stoneBanking/app/gateway/web/account/login_user.go:23.2,26.16 3 0
stoneBanking/app/gateway/web/account/login_user.go:31.2,37.16 3 0
stoneBanking/app/gateway/web/account/login_user.go:42.2,46.40 2 0
stoneBanking/app/gateway/web/account/login_user.go:18.16,21.3 2 0
stoneBanking/app/gateway/web/account/login_user.go:26.16,29.3 2 0
stoneBanking/app/gateway/web/account/login_user.go:37.16,40.3 2 0
stoneBanking/app/gateway/web/transfer/get_all_by_account_id.go:12.88,14.16 2 0
stoneBanking/app/gateway/web/transfer/get_all_by_account_id.go:18.2,21.37 3 0
stoneBanking/app/gateway/web/transfer/get_all_by_account_id.go:26.2,26.16 1 0
stoneBanking/app/gateway/web/transfer/get_all_by_account_id.go:31.2,31.44 1 0
stoneBanking/app/gateway/web/transfer/get_all_by_account_id.go:14.16,16.3 1 0
stoneBanking/app/gateway/web/transfer/get_all_by_account_id.go:21.37,24.3 2 0
stoneBanking/app/gateway/web/transfer/get_all_by_account_id.go:26.16,29.3 2 0
stoneBanking/app/gateway/web/transfer/transfer.go:13.71,18.2 1 0
stoneBanking/app/gateway/web/account/vo/input/validations/login_user.go:8.64,9.21 1 0
stoneBanking/app/gateway/web/account/vo/input/validations/login_user.go:13.2,13.24 1 0
stoneBanking/app/gateway/web/account/vo/input/validations/login_user.go:17.2,17.12 1 0
stoneBanking/app/gateway/web/account/vo/input/validations/login_user.go:9.21,11.3 1 0
stoneBanking/app/gateway/web/account/vo/input/validations/login_user.go:13.24,15.3 1 0
stoneBanking/app/gateway/web/account/vo/output/accounts.go:19.63,28.2 2 0
stoneBanking/app/gateway/web/server/repositories.go:19.83,25.2 1 0
stoneBanking/app/application/usecase/transfer/create_transfer.go:9.112,12.16 2 0
stoneBanking/app/application/usecase/transfer/create_transfer.go:16.2,17.16 2 0
stoneBanking/app/application/usecase/transfer/create_transfer.go:21.2,21.62 1 0
stoneBanking/app/application/usecase/transfer/create_transfer.go:25.2,34.16 3 0
stoneBanking/app/application/usecase/transfer/create_transfer.go:38.2,38.25 1 0
stoneBanking/app/application/usecase/transfer/create_transfer.go:12.16,14.3 1 0
stoneBanking/app/application/usecase/transfer/create_transfer.go:17.16,19.3 1 0
stoneBanking/app/application/usecase/transfer/create_transfer.go:21.62,23.3 1 0
stoneBanking/app/application/usecase/transfer/create_transfer.go:34.16,36.3 1 0
stoneBanking/app/gateway/web/account/create_account.go:13.78,17.16 3 0
stoneBanking/app/gateway/web/account/create_account.go:22.2,23.16 2 0
stoneBanking/app/gateway/web/account/create_account.go:28.2,31.16 3 0
stoneBanking/app/gateway/web/account/create_account.go:36.2,38.16 3 0
stoneBanking/app/gateway/web/account/create_account.go:43.2,45.42 2 0
stoneBanking/app/gateway/web/account/create_account.go:17.16,20.3 2 0
stoneBanking/app/gateway/web/account/create_account.go:23.16,26.3 2 0
stoneBanking/app/gateway/web/account/create_account.go:31.16,34.3 2 0
stoneBanking/app/gateway/web/account/create_account.go:38.16,41.3 2 0
stoneBanking/app/gateway/web/transfer/vo/input/validations/transfer/create_transfer.go:7.96,8.67 1 1
stoneBanking/app/gateway/web/transfer/vo/input/validations/transfer/create_transfer.go:12.2,12.40 1 1
stoneBanking/app/gateway/web/transfer/vo/input/validations/transfer/create_transfer.go:16.2,16.41 1 1
stoneBanking/app/gateway/web/transfer/vo/input/validations/transfer/create_transfer.go:20.2,20.30 1 1
stoneBanking/app/gateway/web/transfer/vo/input/validations/transfer/create_transfer.go:24.2,24.26 1 1
stoneBanking/app/gateway/web/transfer/vo/input/validations/transfer/create_transfer.go:8.67,10.3 1 1
stoneBanking/app/gateway/web/transfer/vo/input/validations/transfer/create_transfer.go:12.40,14.3 1 1
stoneBanking/app/gateway/web/transfer/vo/input/validations/transfer/create_transfer.go:16.41,18.3 1 1
stoneBanking/app/gateway/web/transfer/vo/input/validations/transfer/create_transfer.go:20.30,22.3 1 1
stoneBanking/app/common/utils/config/config.go:12.26,20.2 2 0
stoneBanking/app/gateway/web/transfer/vo/output/transfers.go:13.76,22.2 2 0
stoneBanking/app/gateway/database/postgres/accounts/get_by_cpf.go:8.111,27.16 5 0
stoneBanking/app/gateway/database/postgres/accounts/get_by_cpf.go:31.2,31.24 1 0
stoneBanking/app/gateway/database/postgres/accounts/get_by_cpf.go:27.16,29.3 1 0
stoneBanking/app/gateway/database/postgres/accounts/get_by_id.go:9.127,27.16 5 0
stoneBanking/app/gateway/database/postgres/accounts/get_by_id.go:31.2,31.24 1 0
stoneBanking/app/gateway/database/postgres/accounts/get_by_id.go:27.16,29.3 1 0
stoneBanking/app/gateway/database/postgres/transfers/get_all.go:8.86,17.16 4 0
stoneBanking/app/gateway/database/postgres/transfers/get_all.go:21.2,23.20 2 0
stoneBanking/app/gateway/database/postgres/transfers/get_all.go:31.2,31.23 1 0
stoneBanking/app/gateway/database/postgres/transfers/get_all.go:17.16,19.3 1 0
stoneBanking/app/gateway/database/postgres/transfers/get_all.go:23.20,25.17 2 0
stoneBanking/app/gateway/database/postgres/transfers/get_all.go:28.3,28.46 1 0
stoneBanking/app/gateway/database/postgres/transfers/get_all.go:25.17,27.4 1 0
stoneBanking/app/gateway/web/account/vo/input/account.go:16.71,25.2 2 0
stoneBanking/main.go:12.13,16.16 3 0
stoneBanking/main.go:20.2,28.42 6 0
stoneBanking/main.go:16.16,18.3 1 0
stoneBanking/app/domain/types/document.go:7.49,12.2 4 0
stoneBanking/app/domain/types/document.go:14.39,16.2 1 0
stoneBanking/app/gateway/web/account/get_balance.go:10.82,12.16 2 0
stoneBanking/app/gateway/web/account/get_balance.go:17.2,18.16 2 0
stoneBanking/app/gateway/web/account/get_balance.go:23.2,27.42 2 0
stoneBanking/app/gateway/web/account/get_balance.go:12.16,15.3 2 0
stoneBanking/app/gateway/web/account/get_balance.go:18.16,21.3 2 0
stoneBanking/app/application/usecase/account/get_balance.go:9.92,11.16 2 0
stoneBanking/app/application/usecase/account/get_balance.go:14.2,14.43 1 0
stoneBanking/app/application/usecase/account/get_balance.go:11.16,13.3 1 0
stoneBanking/app/gateway/database/postgres/transfers/create_transfers.go:8.116,37.16 5 0
stoneBanking/app/gateway/database/postgres/transfers/create_transfers.go:41.2,49.16 4 0
stoneBanking/app/gateway/database/postgres/transfers/create_transfers.go:53.2,54.16 2 0
stoneBanking/app/gateway/database/postgres/transfers/create_transfers.go:58.2,59.16 2 0
stoneBanking/app/gateway/database/postgres/transfers/create_transfers.go:63.2,64.16 2 0
stoneBanking/app/gateway/database/postgres/transfers/create_transfers.go:68.2,68.26 1 0
stoneBanking/app/gateway/database/postgres/transfers/create_transfers.go:37.16,39.3 1 0
stoneBanking/app/gateway/database/postgres/transfers/create_transfers.go:49.16,51.3 1 0
stoneBanking/app/gateway/database/postgres/transfers/create_transfers.go:54.16,56.3 1 0
stoneBanking/app/gateway/database/postgres/transfers/create_transfers.go:59.16,61.3 1 0
stoneBanking/app/gateway/database/postgres/transfers/create_transfers.go:64.16,66.3 1 0
stoneBanking/app/gateway/web/account/vo/input/validations/create_account.go:8.93,10.16 2 0
stoneBanking/app/gateway/web/account/vo/input/validations/create_account.go:14.2,15.16 2 0
stoneBanking/app/gateway/web/account/vo/input/validations/create_account.go:19.2,20.16 2 0
stoneBanking/app/gateway/web/account/vo/input/validations/create_account.go:24.2,25.16 2 0
stoneBanking/app/gateway/web/account/vo/input/validations/create_account.go:29.2,29.25 1 0
stoneBanking/app/gateway/web/account/vo/input/validations/create_account.go:10.16,12.3 1 0
stoneBanking/app/gateway/web/account/vo/input/validations/create_account.go:15.16,17.3 1 0
stoneBanking/app/gateway/web/account/vo/input/validations/create_account.go:20.16,22.3 1 0
stoneBanking/app/gateway/web/account/vo/input/validations/create_account.go:25.16,27.3 1 0
stoneBanking/app/gateway/web/account/vo/input/validations/create_account.go:32.46,33.16 1 0
stoneBanking/app/gateway/web/account/vo/input/validations/create_account.go:37.2,37.18 1 0
stoneBanking/app/gateway/web/account/vo/input/validations/create_account.go:33.16,35.3 1 0
stoneBanking/app/gateway/web/account/vo/input/validations/create_account.go:40.44,41.15 1 0
stoneBanking/app/gateway/web/account/vo/input/validations/create_account.go:45.2,45.20 1 0
stoneBanking/app/gateway/web/account/vo/input/validations/create_account.go:49.2,49.22 1 0
stoneBanking/app/gateway/web/account/vo/input/validations/create_account.go:53.2,53.30 1 0
stoneBanking/app/gateway/web/account/vo/input/validations/create_account.go:56.2,56.18 1 0
stoneBanking/app/gateway/web/account/vo/input/validations/create_account.go:41.15,43.3 1 0
stoneBanking/app/gateway/web/account/vo/input/validations/create_account.go:45.20,47.3 1 0
stoneBanking/app/gateway/web/account/vo/input/validations/create_account.go:49.22,51.3 1 0
stoneBanking/app/gateway/web/account/vo/input/validations/create_account.go:53.30,55.3 1 0
stoneBanking/app/gateway/web/account/vo/input/validations/create_account.go:59.50,60.18 1 0
stoneBanking/app/gateway/web/account/vo/input/validations/create_account.go:64.2,64.18 1 0
stoneBanking/app/gateway/web/account/vo/input/validations/create_account.go:60.18,62.3 1 0
stoneBanking/app/gateway/web/account/vo/input/validations/create_account.go:67.49,68.17 1 0
stoneBanking/app/gateway/web/account/vo/input/validations/create_account.go:72.2,72.18 1 0
stoneBanking/app/gateway/web/account/vo/input/validations/create_account.go:68.17,70.3 1 0
stoneBanking/app/gateway/web/account/vo/input/validations/create_account.go:75.34,78.24 2 0
stoneBanking/app/gateway/web/account/vo/input/validations/create_account.go:83.2,85.65 3 0
stoneBanking/app/gateway/web/account/vo/input/validations/create_account.go:78.24,81.3 2 0
stoneBanking/app/gateway/web/account/vo/input/validations/create_account.go:88.53,90.35 2 0
stoneBanking/app/gateway/web/account/vo/input/validations/create_account.go:93.2,97.33 4 0
stoneBanking/app/gateway/web/account/vo/input/validations/create_account.go:101.2,101.15 1 0
stoneBanking/app/gateway/web/account/vo/input/validations/create_account.go:90.35,92.3 1 0
stoneBanking/app/gateway/web/account/vo/input/validations/create_account.go:97.33,99.3 1 0
stoneBanking/app/gateway/web/account/vo/input/validations/create_account.go:104.54,106.35 2 0
stoneBanking/app/gateway/web/account/vo/input/validations/create_account.go:109.2,113.33 4 0
stoneBanking/app/gateway/web/account/vo/input/validations/create_account.go:117.2,117.15 1 0
stoneBanking/app/gateway/web/account/vo/input/validations/create_account.go:106.35,108.3 1 0
stoneBanking/app/gateway/web/account/vo/input/validations/create_account.go:113.33,115.3 1 0
stoneBanking/app/gateway/web/account/vo/input/validations/create_account.go:120.42,123.52 2 0
stoneBanking/app/gateway/web/account/vo/input/validations/create_account.go:127.2,127.13 1 0
stoneBanking/app/gateway/web/account/vo/input/validations/create_account.go:123.52,125.3 1 0
stoneBanking/app/gateway/web/token/token.go:11.58,15.2 1 0
stoneBanking/app/gateway/web/transfer/create_transfer.go:14.77,17.16 2 0
stoneBanking/app/gateway/web/transfer/create_transfer.go:21.2,23.16 3 0
stoneBanking/app/gateway/web/transfer/create_transfer.go:28.2,33.16 4 0
stoneBanking/app/gateway/web/transfer/create_transfer.go:37.2,39.16 3 0
stoneBanking/app/gateway/web/transfer/create_transfer.go:44.2,45.43 2 0
stoneBanking/app/gateway/web/transfer/create_transfer.go:17.16,19.3 1 0
stoneBanking/app/gateway/web/transfer/create_transfer.go:23.16,26.3 2 0
stoneBanking/app/gateway/web/transfer/create_transfer.go:33.16,35.3 1 0
stoneBanking/app/gateway/web/transfer/create_transfer.go:39.16,42.3 2 0
stoneBanking/app/gateway/web/server/handler.go:17.77,30.2 12 0
stoneBanking/app/domain/entities/token/mock.go:8.98,10.2 1 0
stoneBanking/app/domain/entities/token/mock.go:11.104,13.2 1 0
stoneBanking/app/gateway/web/token/generate_token.go:5.98,21.16 6 0
stoneBanking/app/gateway/web/token/generate_token.go:24.2,24.25 1 0
stoneBanking/app/gateway/web/token/generate_token.go:21.16,23.3 1 0
stoneBanking/app/application/usecase/transfer/usecase.go:21.77,26.2 1 0
stoneBanking/app/gateway/database/postgres/postgres.go:15.47,23.16 5 0
stoneBanking/app/gateway/database/postgres/postgres.go:26.2,26.15 1 0
stoneBanking/app/gateway/database/postgres/postgres.go:23.16,25.3 1 0
stoneBanking/app/gateway/database/postgres/postgres.go:29.35,31.2 1 0
stoneBanking/app/gateway/database/postgres/postgres.go:33.56,36.16 2 0
stoneBanking/app/gateway/database/postgres/postgres.go:40.2,42.16 2 0
stoneBanking/app/gateway/database/postgres/postgres.go:46.2,46.12 1 0
stoneBanking/app/gateway/database/postgres/postgres.go:36.16,38.3 1 0
stoneBanking/app/gateway/database/postgres/postgres.go:42.16,44.3 1 0
stoneBanking/app/application/usecase/account/get_all_accounts.go:9.80,12.16 3 0
stoneBanking/app/application/usecase/account/get_all_accounts.go:16.2,16.22 1 0
stoneBanking/app/application/usecase/account/get_all_accounts.go:12.16,14.3 1 0
stoneBanking/app/gateway/web/middleware/middleware.go:9.81,12.23 2 0
stoneBanking/app/gateway/web/middleware/middleware.go:16.2,17.16 2 0
stoneBanking/app/gateway/web/middleware/middleware.go:20.2,20.31 1 0
stoneBanking/app/gateway/web/middleware/middleware.go:12.23,14.3 1 0
stoneBanking/app/gateway/web/middleware/middleware.go:17.16,19.3 1 0
stoneBanking/app/domain/entities/account/mock.go:16.88,18.2 1 0
stoneBanking/app/domain/entities/account/mock.go:20.100,22.2 1 0
stoneBanking/app/domain/entities/account/mock.go:23.92,25.2 1 0
stoneBanking/app/domain/entities/account/mock.go:27.73,29.2 1 0
stoneBanking/app/domain/entities/account/mock.go:30.107,32.2 1 0
stoneBanking/app/application/usecase/account/validations/create_acount.go:8.61,9.28 1 0
stoneBanking/app/application/usecase/account/validations/create_acount.go:13.2,13.27 1 0
stoneBanking/app/application/usecase/account/validations/create_acount.go:17.2,17.30 1 0
stoneBanking/app/application/usecase/account/validations/create_acount.go:21.2,21.29 1 0
stoneBanking/app/application/usecase/account/validations/create_acount.go:25.2,25.12 1 0
stoneBanking/app/application/usecase/account/validations/create_acount.go:9.28,11.3 1 0
stoneBanking/app/application/usecase/account/validations/create_acount.go:13.27,15.3 1 0
stoneBanking/app/application/usecase/account/validations/create_acount.go:17.30,19.3 1 0
stoneBanking/app/application/usecase/account/validations/create_acount.go:21.29,23.3 1 0
stoneBanking/app/application/usecase/account/usecase.go:21.71,26.2 1 0
stoneBanking/app/gateway/web/token/extract_account_id.go:5.107,12.106 3 0
stoneBanking/app/gateway/web/token/extract_account_id.go:15.2,15.16 1 0
stoneBanking/app/gateway/web/token/extract_account_id.go:19.2,20.27 2 0
stoneBanking/app/gateway/web/token/extract_account_id.go:12.106,14.3 1 0
stoneBanking/app/gateway/web/token/extract_account_id.go:15.16,17.3 1 0
stoneBanking/app/gateway/web/server/usecase.go:13.69,18.2 1 0
stoneBanking/app/application/usecase/account/create_account.go:11.107,13.16 2 0
stoneBanking/app/application/usecase/account/create_account.go:17.2,19.16 2 0
stoneBanking/app/application/usecase/account/create_account.go:23.2,23.26 1 0
stoneBanking/app/application/usecase/account/create_account.go:27.2,29.16 2 0
stoneBanking/app/application/usecase/account/create_account.go:33.2,33.27 1 0
stoneBanking/app/application/usecase/account/create_account.go:13.16,15.3 1 0
stoneBanking/app/application/usecase/account/create_account.go:19.16,21.3 1 0
stoneBanking/app/application/usecase/account/create_account.go:23.26,25.3 1 0
stoneBanking/app/application/usecase/account/create_account.go:29.16,31.3 1 0
stoneBanking/app/gateway/web/account/account.go:13.78,18.2 1 0
stoneBanking/app/gateway/database/postgres/accounts/accounts.go:12.64,16.2 1 0
stoneBanking/app/gateway/database/postgres/accounts/get_all.go:8.92,18.16 4 0
stoneBanking/app/gateway/database/postgres/accounts/get_all.go:22.2,24.20 2 0
stoneBanking/app/gateway/database/postgres/accounts/get_all.go:32.2,32.22 1 0
stoneBanking/app/gateway/database/postgres/accounts/get_all.go:18.16,20.3 1 0
stoneBanking/app/gateway/database/postgres/accounts/get_all.go:24.20,26.17 2 0
stoneBanking/app/gateway/database/postgres/accounts/get_all.go:29.3,29.43 1 0
stoneBanking/app/gateway/database/postgres/accounts/get_all.go:26.17,28.4 1 0
stoneBanking/app/gateway/web/account/get_all_accounts.go:9.78,13.35 3 0
stoneBanking/app/gateway/web/account/get_all_accounts.go:17.2,17.16 1 0
stoneBanking/app/gateway/web/account/get_all_accounts.go:22.2,22.43 1 0
stoneBanking/app/gateway/web/account/get_all_accounts.go:13.35,16.3 2 0
stoneBanking/app/gateway/web/account/get_all_accounts.go:17.16,20.3 2 0
stoneBanking/app/domain/types/money.go:5.28,7.2 1 0
stoneBanking/app/domain/types/money.go:9.34,11.2 1 0
stoneBanking/app/domain/types/password.go:9.35,13.2 3 0
stoneBanking/app/domain/types/password.go:15.53,18.2 2 0
stoneBanking/app/domain/types/password.go:20.37,22.2 1 0
stoneBanking/app/application/usecase/account/login_user.go:9.100,11.16 2 0
stoneBanking/app/application/usecase/account/login_user.go:15.2,16.16 2 0
stoneBanking/app/application/usecase/account/login_user.go:20.2,21.16 2 0
stoneBanking/app/application/usecase/account/login_user.go:25.2,25.19 1 0
stoneBanking/app/application/usecase/account/login_user.go:11.16,13.3 1 0
stoneBanking/app/application/usecase/account/login_user.go:16.16,18.3 1 0
stoneBanking/app/application/usecase/account/login_user.go:21.16,23.3 1 0
stoneBanking/app/application/usecase/transfer/get_all_by_account_id.go:9.121,11.16 2 0
stoneBanking/app/application/usecase/transfer/get_all_by_account_id.go:15.2,16.16 2 0
stoneBanking/app/application/usecase/transfer/get_all_by_account_id.go:20.2,20.23 1 0
stoneBanking/app/application/usecase/transfer/get_all_by_account_id.go:11.16,13.3 1 0
stoneBanking/app/application/usecase/transfer/get_all_by_account_id.go:16.16,18.3 1 0
stoneBanking/app/gateway/database/postgres/accounts/create_account.go:8.118,27.16 4 0
stoneBanking/app/gateway/database/postgres/accounts/create_account.go:31.2,31.24 1 0
stoneBanking/app/gateway/database/postgres/accounts/create_account.go:27.16,29.3 1 0
stoneBanking/app/gateway/database/postgres/transfers/get_all_by_account_id.go:9.126,24.16 4 0
stoneBanking/app/gateway/database/postgres/transfers/get_all_by_account_id.go:28.2,30.20 2 0
stoneBanking/app/gateway/database/postgres/transfers/get_all_by_account_id.go:48.2,48.23 1 0
stoneBanking/app/gateway/database/postgres/transfers/get_all_by_account_id.go:24.16,26.3 1 0
stoneBanking/app/gateway/database/postgres/transfers/get_all_by_account_id.go:30.20,41.17 2 0
stoneBanking/app/gateway/database/postgres/transfers/get_all_by_account_id.go:45.3,45.46 1 0
stoneBanking/app/gateway/database/postgres/transfers/get_all_by_account_id.go:41.17,43.4 1 0
stoneBanking/app/gateway/database/postgres/transfers/transfer.go:12.66,16.2 1 0
stoneBanking/app/gateway/database/postgres/accounts/update_balance_with_id.go:8.119,19.16 3 0
stoneBanking/app/gateway/database/postgres/accounts/update_balance_with_id.go:22.2,22.12 1 0
stoneBanking/app/gateway/database/postgres/accounts/update_balance_with_id.go:19.16,21.3 1 0
stoneBanking/app/gateway/web/transfer/vo/input/transfers.go:14.76,21.2 2 0
stoneBanking/app/domain/entities/account/mock.go:16.88,18.2 1 1
stoneBanking/app/domain/entities/account/mock.go:20.100,22.2 1 0
stoneBanking/app/domain/entities/account/mock.go:23.92,25.2 1 1
stoneBanking/app/domain/entities/account/mock.go:27.73,29.2 1 0
stoneBanking/app/domain/entities/account/mock.go:30.107,32.2 1 0
stoneBanking/app/application/usecase/transfer/create_transfer.go:9.112,12.16 2 0
stoneBanking/app/application/usecase/transfer/create_transfer.go:16.2,17.16 2 0
stoneBanking/app/application/usecase/transfer/create_transfer.go:21.2,21.62 1 0
stoneBanking/app/application/usecase/transfer/create_transfer.go:25.2,34.16 3 0
stoneBanking/app/application/usecase/transfer/create_transfer.go:38.2,38.25 1 0
stoneBanking/app/application/usecase/transfer/create_transfer.go:12.16,14.3 1 0
stoneBanking/app/application/usecase/transfer/create_transfer.go:17.16,19.3 1 0
stoneBanking/app/application/usecase/transfer/create_transfer.go:21.62,23.3 1 0
stoneBanking/app/application/usecase/transfer/create_transfer.go:34.16,36.3 1 0
stoneBanking/app/gateway/web/token/token.go:11.58,15.2 1 0
stoneBanking/app/application/usecase/account/login_user.go:9.100,11.16 2 0
stoneBanking/app/application/usecase/account/login_user.go:15.2,16.16 2 0
stoneBanking/app/application/usecase/account/login_user.go:20.2,21.16 2 0
stoneBanking/app/application/usecase/account/login_user.go:25.2,25.19 1 0
stoneBanking/app/application/usecase/account/login_user.go:11.16,13.3 1 0
stoneBanking/app/application/usecase/account/login_user.go:16.16,18.3 1 0
stoneBanking/app/application/usecase/account/login_user.go:21.16,23.3 1 0
stoneBanking/app/gateway/web/transfer/create_transfer.go:14.77,17.16 2 0
stoneBanking/app/gateway/web/transfer/create_transfer.go:21.2,23.16 3 0
stoneBanking/app/gateway/web/transfer/create_transfer.go:28.2,33.16 4 0
stoneBanking/app/gateway/web/transfer/create_transfer.go:37.2,39.16 3 0
stoneBanking/app/gateway/web/transfer/create_transfer.go:44.2,45.43 2 0
stoneBanking/app/gateway/web/transfer/create_transfer.go:17.16,19.3 1 0
stoneBanking/app/gateway/web/transfer/create_transfer.go:23.16,26.3 2 0
stoneBanking/app/gateway/web/transfer/create_transfer.go:33.16,35.3 1 0
stoneBanking/app/gateway/web/transfer/create_transfer.go:39.16,42.3 2 0
stoneBanking/app/gateway/web/server/usecase.go:13.69,18.2 1 0
stoneBanking/app/application/usecase/transfer/get_all_by_account_id.go:9.121,11.16 2 0
stoneBanking/app/application/usecase/transfer/get_all_by_account_id.go:15.2,16.16 2 0
stoneBanking/app/application/usecase/transfer/get_all_by_account_id.go:20.2,20.23 1 0
stoneBanking/app/application/usecase/transfer/get_all_by_account_id.go:11.16,13.3 1 0
stoneBanking/app/application/usecase/transfer/get_all_by_account_id.go:16.16,18.3 1 0
stoneBanking/app/gateway/web/account/account.go:13.78,18.2 1 0
stoneBanking/app/gateway/web/account/login_user.go:15.81,18.16 3 0
stoneBanking/app/gateway/web/account/login_user.go:23.2,26.16 3 0
stoneBanking/app/gateway/web/account/login_user.go:31.2,37.16 3 0
stoneBanking/app/gateway/web/account/login_user.go:42.2,46.40 2 0
stoneBanking/app/gateway/web/account/login_user.go:18.16,21.3 2 0
stoneBanking/app/gateway/web/account/login_user.go:26.16,29.3 2 0
stoneBanking/app/gateway/web/account/login_user.go:37.16,40.3 2 0
stoneBanking/app/gateway/web/transfer/transfer.go:13.71,18.2 1 0
stoneBanking/app/domain/types/document.go:7.49,12.2 4 0
stoneBanking/app/domain/types/document.go:14.39,16.2 1 1
stoneBanking/app/gateway/database/postgres/accounts/update_balance_with_id.go:8.119,19.16 3 0
stoneBanking/app/gateway/database/postgres/accounts/update_balance_with_id.go:22.2,22.12 1 0
stoneBanking/app/gateway/database/postgres/accounts/update_balance_with_id.go:19.16,21.3 1 0
stoneBanking/app/gateway/web/account/create_account.go:13.78,17.16 3 0
stoneBanking/app/gateway/web/account/create_account.go:22.2,23.16 2 0
stoneBanking/app/gateway/web/account/create_account.go:28.2,31.16 3 0
stoneBanking/app/gateway/web/account/create_account.go:36.2,38.16 3 0
stoneBanking/app/gateway/web/account/create_account.go:43.2,45.42 2 0
stoneBanking/app/gateway/web/account/create_account.go:17.16,20.3 2 0
stoneBanking/app/gateway/web/account/create_account.go:23.16,26.3 2 0
stoneBanking/app/gateway/web/account/create_account.go:31.16,34.3 2 0
stoneBanking/app/gateway/web/account/create_account.go:38.16,41.3 2 0
stoneBanking/app/gateway/web/account/vo/input/validations/login_user.go:8.64,9.21 1 0
stoneBanking/app/gateway/web/account/vo/input/validations/login_user.go:13.2,13.24 1 0
stoneBanking/app/gateway/web/account/vo/input/validations/login_user.go:17.2,17.12 1 0
stoneBanking/app/gateway/web/account/vo/input/validations/login_user.go:9.21,11.3 1 0
stoneBanking/app/gateway/web/account/vo/input/validations/login_user.go:13.24,15.3 1 0
stoneBanking/app/gateway/database/postgres/accounts/create_account.go:8.118,27.16 4 0
stoneBanking/app/gateway/database/postgres/accounts/create_account.go:31.2,31.24 1 0
stoneBanking/app/gateway/database/postgres/accounts/create_account.go:27.16,29.3 1 0
stoneBanking/app/gateway/web/token/generate_token.go:5.98,21.16 6 0
stoneBanking/app/gateway/web/token/generate_token.go:24.2,24.25 1 0
stoneBanking/app/gateway/web/token/generate_token.go:21.16,23.3 1 0
stoneBanking/app/application/usecase/account/get_all_accounts.go:9.80,12.16 3 0
stoneBanking/app/application/usecase/account/get_all_accounts.go:16.2,16.22 1 0
stoneBanking/app/application/usecase/account/get_all_accounts.go:12.16,14.3 1 0
stoneBanking/app/application/usecase/account/get_balance.go:9.92,11.16 2 0
stoneBanking/app/application/usecase/account/get_balance.go:14.2,14.43 1 0
stoneBanking/app/application/usecase/account/get_balance.go:11.16,13.3 1 0
stoneBanking/app/domain/types/password.go:9.35,13.2 3 0
stoneBanking/app/domain/types/password.go:15.53,18.2 2 0
stoneBanking/app/domain/types/password.go:20.37,22.2 1 0
stoneBanking/app/gateway/web/account/vo/input/account.go:16.71,25.2 2 0
stoneBanking/app/gateway/web/transfer/get_all_by_account_id.go:12.88,14.16 2 0
stoneBanking/app/gateway/web/transfer/get_all_by_account_id.go:18.2,21.37 3 0
stoneBanking/app/gateway/web/transfer/get_all_by_account_id.go:26.2,26.16 1 0
stoneBanking/app/gateway/web/transfer/get_all_by_account_id.go:31.2,31.44 1 0
stoneBanking/app/gateway/web/transfer/get_all_by_account_id.go:14.16,16.3 1 0
stoneBanking/app/gateway/web/transfer/get_all_by_account_id.go:21.37,24.3 2 0
stoneBanking/app/gateway/web/transfer/get_all_by_account_id.go:26.16,29.3 2 0
stoneBanking/app/gateway/web/server/repositories.go:19.83,25.2 1 0
stoneBanking/app/gateway/database/postgres/postgres.go:15.47,23.16 5 0
stoneBanking/app/gateway/database/postgres/postgres.go:26.2,26.15 1 0
stoneBanking/app/gateway/database/postgres/postgres.go:23.16,25.3 1 0
stoneBanking/app/gateway/database/postgres/postgres.go:29.35,31.2 1 0
stoneBanking/app/gateway/database/postgres/postgres.go:33.56,36.16 2 0
stoneBanking/app/gateway/database/postgres/postgres.go:40.2,42.16 2 0
stoneBanking/app/gateway/database/postgres/postgres.go:46.2,46.12 1 0
stoneBanking/app/gateway/database/postgres/postgres.go:36.16,38.3 1 0
stoneBanking/app/gateway/database/postgres/postgres.go:42.16,44.3 1 0
stoneBanking/app/gateway/database/postgres/accounts/accounts.go:12.64,16.2 1 0
stoneBanking/app/gateway/database/postgres/accounts/get_all.go:8.92,18.16 4 0
stoneBanking/app/gateway/database/postgres/accounts/get_all.go:22.2,24.20 2 0
stoneBanking/app/gateway/database/postgres/accounts/get_all.go:32.2,32.22 1 0
stoneBanking/app/gateway/database/postgres/accounts/get_all.go:18.16,20.3 1 0
stoneBanking/app/gateway/database/postgres/accounts/get_all.go:24.20,26.17 2 0
stoneBanking/app/gateway/database/postgres/accounts/get_all.go:29.3,29.43 1 0
stoneBanking/app/gateway/database/postgres/accounts/get_all.go:26.17,28.4 1 0
stoneBanking/app/gateway/database/postgres/transfers/get_all.go:8.86,17.16 4 0
stoneBanking/app/gateway/database/postgres/transfers/get_all.go:21.2,23.20 2 0
stoneBanking/app/gateway/database/postgres/transfers/get_all.go:31.2,31.23 1 0
stoneBanking/app/gateway/database/postgres/transfers/get_all.go:17.16,19.3 1 0
stoneBanking/app/gateway/database/postgres/transfers/get_all.go:23.20,25.17 2 0
stoneBanking/app/gateway/database/postgres/transfers/get_all.go:28.3,28.46 1 0
stoneBanking/app/gateway/database/postgres/transfers/get_all.go:25.17,27.4 1 0
stoneBanking/app/gateway/database/postgres/transfers/get_all_by_account_id.go:9.126,24.16 4 0
stoneBanking/app/gateway/database/postgres/transfers/get_all_by_account_id.go:28.2,30.20 2 0
stoneBanking/app/gateway/database/postgres/transfers/get_all_by_account_id.go:48.2,48.23 1 0
stoneBanking/app/gateway/database/postgres/transfers/get_all_by_account_id.go:24.16,26.3 1 0
stoneBanking/app/gateway/database/postgres/transfers/get_all_by_account_id.go:30.20,41.17 2 0
stoneBanking/app/gateway/database/postgres/transfers/get_all_by_account_id.go:45.3,45.46 1 0
stoneBanking/app/gateway/database/postgres/transfers/get_all_by_account_id.go:41.17,43.4 1 0
stoneBanking/app/gateway/web/account/vo/output/accounts.go:19.63,28.2 2 0
stoneBanking/app/gateway/web/middleware/middleware.go:9.81,12.23 2 0
stoneBanking/app/gateway/web/middleware/middleware.go:16.2,17.16 2 0
stoneBanking/app/gateway/web/middleware/middleware.go:20.2,20.31 1 0
stoneBanking/app/gateway/web/middleware/middleware.go:12.23,14.3 1 0
stoneBanking/app/gateway/web/middleware/middleware.go:17.16,19.3 1 0
stoneBanking/app/gateway/web/transfer/vo/output/transfers.go:13.76,22.2 2 0
stoneBanking/app/application/usecase/account/create_account.go:11.107,13.16 2 1
stoneBanking/app/application/usecase/account/create_account.go:17.2,19.16 2 1
stoneBanking/app/application/usecase/account/create_account.go:23.2,23.26 1 1
stoneBanking/app/application/usecase/account/create_account.go:27.2,29.16 2 1
stoneBanking/app/application/usecase/account/create_account.go:33.2,33.27 1 1
stoneBanking/app/application/usecase/account/create_account.go:13.16,15.3 1 1
stoneBanking/app/application/usecase/account/create_account.go:19.16,21.3 1 1
stoneBanking/app/application/usecase/account/create_account.go:23.26,25.3 1 1
stoneBanking/app/application/usecase/account/create_account.go:29.16,31.3 1 1
stoneBanking/app/domain/types/money.go:5.28,7.2 1 0
stoneBanking/app/domain/types/money.go:9.34,11.2 1 0
stoneBanking/app/application/usecase/account/validations/create_acount.go:8.61,9.28 1 1
stoneBanking/app/application/usecase/account/validations/create_acount.go:13.2,13.27 1 1
stoneBanking/app/application/usecase/account/validations/create_acount.go:17.2,17.30 1 1
stoneBanking/app/application/usecase/account/validations/create_acount.go:21.2,21.29 1 1
stoneBanking/app/application/usecase/account/validations/create_acount.go:25.2,25.12 1 1
stoneBanking/app/application/usecase/account/validations/create_acount.go:9.28,11.3 1 1
stoneBanking/app/application/usecase/account/validations/create_acount.go:13.27,15.3 1 0
stoneBanking/app/application/usecase/account/validations/create_acount.go:17.30,19.3 1 0
stoneBanking/app/application/usecase/account/validations/create_acount.go:21.29,23.3 1 0
stoneBanking/app/gateway/database/postgres/accounts/get_by_id.go:9.127,27.16 5 0
stoneBanking/app/gateway/database/postgres/accounts/get_by_id.go:31.2,31.24 1 0
stoneBanking/app/gateway/database/postgres/accounts/get_by_id.go:27.16,29.3 1 0
stoneBanking/app/gateway/database/postgres/transfers/get_by_id.go:9.114,27.16 5 0
stoneBanking/app/gateway/database/postgres/transfers/get_by_id.go:31.2,31.26 1 0
stoneBanking/app/gateway/database/postgres/transfers/get_by_id.go:27.16,29.3 1 0
stoneBanking/app/gateway/web/token/extract_account_id.go:5.107,12.106 3 0
stoneBanking/app/gateway/web/token/extract_account_id.go:15.2,15.16 1 0
stoneBanking/app/gateway/web/token/extract_account_id.go:19.2,20.27 2 0
stoneBanking/app/gateway/web/token/extract_account_id.go:12.106,14.3 1 0
stoneBanking/app/gateway/web/token/extract_account_id.go:15.16,17.3 1 0
stoneBanking/app/domain/entities/token/mock.go:8.98,10.2 1 0
stoneBanking/app/domain/entities/token/mock.go:11.104,13.2 1 0
stoneBanking/app/gateway/database/postgres/transfers/create_transfers.go:8.116,37.16 5 0
stoneBanking/app/gateway/database/postgres/transfers/create_transfers.go:41.2,49.16 4 0
stoneBanking/app/gateway/database/postgres/transfers/create_transfers.go:53.2,54.16 2 0
stoneBanking/app/gateway/database/postgres/transfers/create_transfers.go:58.2,59.16 2 0
stoneBanking/app/gateway/database/postgres/transfers/create_transfers.go:63.2,64.16 2 0
stoneBanking/app/gateway/database/postgres/transfers/create_transfers.go:68.2,68.26 1 0
stoneBanking/app/gateway/database/postgres/transfers/create_transfers.go:37.16,39.3 1 0
stoneBanking/app/gateway/database/postgres/transfers/create_transfers.go:49.16,51.3 1 0
stoneBanking/app/gateway/database/postgres/transfers/create_transfers.go:54.16,56.3 1 0
stoneBanking/app/gateway/database/postgres/transfers/create_transfers.go:59.16,61.3 1 0
stoneBanking/app/gateway/database/postgres/transfers/create_transfers.go:64.16,66.3 1 0
stoneBanking/app/gateway/web/account/vo/input/validations/create_account.go:8.93,10.16 2 0
stoneBanking/app/gateway/web/account/vo/input/validations/create_account.go:14.2,15.16 2 0
stoneBanking/app/gateway/web/account/vo/input/validations/create_account.go:19.2,20.16 2 0
stoneBanking/app/gateway/web/account/vo/input/validations/create_account.go:24.2,25.16 2 0
stoneBanking/app/gateway/web/account/vo/input/validations/create_account.go:29.2,29.25 1 0
stoneBanking/app/gateway/web/account/vo/input/validations/create_account.go:10.16,12.3 1 0
stoneBanking/app/gateway/web/account/vo/input/validations/create_account.go:15.16,17.3 1 0
stoneBanking/app/gateway/web/account/vo/input/validations/create_account.go:20.16,22.3 1 0
stoneBanking/app/gateway/web/account/vo/input/validations/create_account.go:25.16,27.3 1 0
stoneBanking/app/gateway/web/account/vo/input/validations/create_account.go:32.46,33.16 1 0
stoneBanking/app/gateway/web/account/vo/input/validations/create_account.go:37.2,37.18 1 0
stoneBanking/app/gateway/web/account/vo/input/validations/create_account.go:33.16,35.3 1 0
stoneBanking/app/gateway/web/account/vo/input/validations/create_account.go:40.44,41.15 1 0
stoneBanking/app/gateway/web/account/vo/input/validations/create_account.go:45.2,45.20 1 0
stoneBanking/app/gateway/web/account/vo/input/validations/create_account.go:49.2,49.22 1 0
stoneBanking/app/gateway/web/account/vo/input/validations/create_account.go:53.2,53.30 1 0
stoneBanking/app/gateway/web/account/vo/input/validations/create_account.go:56.2,56.18 1 0
stoneBanking/app/gateway/web/account/vo/input/validations/create_account.go:41.15,43.3 1 0
stoneBanking/app/gateway/web/account/vo/input/validations/create_account.go:45.20,47.3 1 0
stoneBanking/app/gateway/web/account/vo/input/validations/create_account.go:49.22,51.3 1 0
stoneBanking/app/gateway/web/account/vo/input/validations/create_account.go:53.30,55.3 1 0
stoneBanking/app/gateway/web/account/vo/input/validations/create_account.go:59.50,60.18 1 0
stoneBanking/app/gateway/web/account/vo/input/validations/create_account.go:64.2,64.18 1 0
stoneBanking/app/gateway/web/account/vo/input/validations/create_account.go:60.18,62.3 1 0
stoneBanking/app/gateway/web/account/vo/input/validations/create_account.go:67.49,68.17 1 0
stoneBanking/app/gateway/web/account/vo/input/validations/create_account.go:72.2,72.18 1 0
stoneBanking/app/gateway/web/account/vo/input/validations/create_account.go:68.17,70.3 1 0
stoneBanking/app/gateway/web/account/vo/input/validations/create_account.go:75.34,78.24 2 0
stoneBanking/app/gateway/web/account/vo/input/validations/create_account.go:83.2,85.65 3 0
stoneBanking/app/gateway/web/account/vo/input/validations/create_account.go:78.24,81.3 2 0
stoneBanking/app/gateway/web/account/vo/input/validations/create_account.go:88.53,90.35 2 0
stoneBanking/app/gateway/web/account/vo/input/validations/create_account.go:93.2,97.33 4 0
stoneBanking/app/gateway/web/account/vo/input/validations/create_account.go:101.2,101.15 1 0
stoneBanking/app/gateway/web/account/vo/input/validations/create_account.go:90.35,92.3 1 0
stoneBanking/app/gateway/web/account/vo/input/validations/create_account.go:97.33,99.3 1 0
stoneBanking/app/gateway/web/account/vo/input/validations/create_account.go:104.54,106.35 2 0
stoneBanking/app/gateway/web/account/vo/input/validations/create_account.go:109.2,113.33 4 0
stoneBanking/app/gateway/web/account/vo/input/validations/create_account.go:117.2,117.15 1 0
stoneBanking/app/gateway/web/account/vo/input/validations/create_account.go:106.35,108.3 1 0
stoneBanking/app/gateway/web/account/vo/input/validations/create_account.go:113.33,115.3 1 0
stoneBanking/app/gateway/web/account/vo/input/validations/create_account.go:120.42,123.52 2 0
stoneBanking/app/gateway/web/account/vo/input/validations/create_account.go:127.2,127.13 1 0
stoneBanking/app/gateway/web/account/vo/input/validations/create_account.go:123.52,125.3 1 0
stoneBanking/app/gateway/web/account/get_all_accounts.go:9.78,13.35 3 0
stoneBanking/app/gateway/web/account/get_all_accounts.go:17.2,17.16 1 0
stoneBanking/app/gateway/web/account/get_all_accounts.go:22.2,22.43 1 0
stoneBanking/app/gateway/web/account/get_all_accounts.go:13.35,16.3 2 0
stoneBanking/app/gateway/web/account/get_all_accounts.go:17.16,20.3 2 0
stoneBanking/app/gateway/web/transfer/vo/input/transfers.go:14.76,21.2 2 0
stoneBanking/app/gateway/database/postgres/accounts/get_by_cpf.go:8.111,27.16 5 0
stoneBanking/app/gateway/database/postgres/accounts/get_by_cpf.go:31.2,31.24 1 0
stoneBanking/app/gateway/database/postgres/accounts/get_by_cpf.go:27.16,29.3 1 0
stoneBanking/app/gateway/web/account/get_balance.go:10.82,12.16 2 0
stoneBanking/app/gateway/web/account/get_balance.go:17.2,18.16 2 0
stoneBanking/app/gateway/web/account/get_balance.go:23.2,27.42 2 0
stoneBanking/app/gateway/web/account/get_balance.go:12.16,15.3 2 0
stoneBanking/app/gateway/web/account/get_balance.go:18.16,21.3 2 0
stoneBanking/app/gateway/web/server/handler.go:17.77,30.2 12 0
stoneBanking/main.go:12.13,16.16 3 0
stoneBanking/main.go:20.2,28.42 6 0
stoneBanking/main.go:16.16,18.3 1 0
stoneBanking/app/application/usecase/account/usecase.go:21.71,26.2 1 1
stoneBanking/app/common/utils/config/config.go:12.26,20.2 2 0
stoneBanking/app/application/usecase/transfer/usecase.go:21.77,26.2 1 0
stoneBanking/app/gateway/database/postgres/transfers/transfer.go:12.66,16.2 1 0
stoneBanking/app/gateway/web/transfer/vo/input/validations/transfer/create_transfer.go:7.96,8.67 1 0
stoneBanking/app/gateway/web/transfer/vo/input/validations/transfer/create_transfer.go:12.2,12.40 1 0
stoneBanking/app/gateway/web/transfer/vo/input/validations/transfer/create_transfer.go:16.2,16.41 1 0
stoneBanking/app/gateway/web/transfer/vo/input/validations/transfer/create_transfer.go:20.2,20.30 1 0
stoneBanking/app/gateway/web/transfer/vo/input/validations/transfer/create_transfer.go:24.2,24.26 1 0
stoneBanking/app/gateway/web/transfer/vo/input/validations/transfer/create_transfer.go:8.67,10.3 1 0
stoneBanking/app/gateway/web/transfer/vo/input/validations/transfer/create_transfer.go:12.40,14.3 1 0
stoneBanking/app/gateway/web/transfer/vo/input/validations/transfer/create_transfer.go:16.41,18.3 1 0
stoneBanking/app/gateway/web/transfer/vo/input/validations/transfer/create_transfer.go:20.30,22.3 1 0
stoneBanking/app/application/usecase/transfer/get_all_by_account_id.go:9.121,11.16 2 0
stoneBanking/app/application/usecase/transfer/get_all_by_account_id.go:15.2,16.16 2 0
stoneBanking/app/application/usecase/transfer/get_all_by_account_id.go:20.2,20.23 1 0
stoneBanking/app/application/usecase/transfer/get_all_by_account_id.go:11.16,13.3 1 0
stoneBanking/app/application/usecase/transfer/get_all_by_account_id.go:16.16,18.3 1 0
stoneBanking/app/gateway/web/account/vo/output/accounts.go:19.63,28.2 2 0
stoneBanking/app/gateway/web/server/usecase.go:13.69,18.2 1 0
stoneBanking/app/gateway/web/account/vo/input/validations/create_account.go:8.93,10.16 2 0
stoneBanking/app/gateway/web/account/vo/input/validations/create_account.go:14.2,15.16 2 0
stoneBanking/app/gateway/web/account/vo/input/validations/create_account.go:19.2,20.16 2 0
stoneBanking/app/gateway/web/account/vo/input/validations/create_account.go:24.2,25.16 2 0
stoneBanking/app/gateway/web/account/vo/input/validations/create_account.go:29.2,29.25 1 0
stoneBanking/app/gateway/web/account/vo/input/validations/create_account.go:10.16,12.3 1 0
stoneBanking/app/gateway/web/account/vo/input/validations/create_account.go:15.16,17.3 1 0
stoneBanking/app/gateway/web/account/vo/input/validations/create_account.go:20.16,22.3 1 0
stoneBanking/app/gateway/web/account/vo/input/validations/create_account.go:25.16,27.3 1 0
stoneBanking/app/gateway/web/account/vo/input/validations/create_account.go:32.46,33.16 1 0
stoneBanking/app/gateway/web/account/vo/input/validations/create_account.go:37.2,37.18 1 0
stoneBanking/app/gateway/web/account/vo/input/validations/create_account.go:33.16,35.3 1 0
stoneBanking/app/gateway/web/account/vo/input/validations/create_account.go:40.44,41.15 1 0
stoneBanking/app/gateway/web/account/vo/input/validations/create_account.go:45.2,45.20 1 0
stoneBanking/app/gateway/web/account/vo/input/validations/create_account.go:49.2,49.22 1 0
stoneBanking/app/gateway/web/account/vo/input/validations/create_account.go:53.2,53.30 1 0
stoneBanking/app/gateway/web/account/vo/input/validations/create_account.go:56.2,56.18 1 0
stoneBanking/app/gateway/web/account/vo/input/validations/create_account.go:41.15,43.3 1 0
stoneBanking/app/gateway/web/account/vo/input/validations/create_account.go:45.20,47.3 1 0
stoneBanking/app/gateway/web/account/vo/input/validations/create_account.go:49.22,51.3 1 0
stoneBanking/app/gateway/web/account/vo/input/validations/create_account.go:53.30,55.3 1 0
stoneBanking/app/gateway/web/account/vo/input/validations/create_account.go:59.50,60.18 1 0
stoneBanking/app/gateway/web/account/vo/input/validations/create_account.go:64.2,64.18 1 0
stoneBanking/app/gateway/web/account/vo/input/validations/create_account.go:60.18,62.3 1 0
stoneBanking/app/gateway/web/account/vo/input/validations/create_account.go:67.49,68.17 1 0
stoneBanking/app/gateway/web/account/vo/input/validations/create_account.go:72.2,72.18 1 0
stoneBanking/app/gateway/web/account/vo/input/validations/create_account.go:68.17,70.3 1 0
stoneBanking/app/gateway/web/account/vo/input/validations/create_account.go:75.34,78.24 2 0
stoneBanking/app/gateway/web/account/vo/input/validations/create_account.go:83.2,85.65 3 0
stoneBanking/app/gateway/web/account/vo/input/validations/create_account.go:78.24,81.3 2 0
stoneBanking/app/gateway/web/account/vo/input/validations/create_account.go:88.53,90.35 2 0
stoneBanking/app/gateway/web/account/vo/input/validations/create_account.go:93.2,97.33 4 0
stoneBanking/app/gateway/web/account/vo/input/validations/create_account.go:101.2,101.15 1 0
stoneBanking/app/gateway/web/account/vo/input/validations/create_account.go:90.35,92.3 1 0
stoneBanking/app/gateway/web/account/vo/input/validations/create_account.go:97.33,99.3 1 0
stoneBanking/app/gateway/web/account/vo/input/validations/create_account.go:104.54,106.35 2 0
stoneBanking/app/gateway/web/account/vo/input/validations/create_account.go:109.2,113.33 4 0
stoneBanking/app/gateway/web/account/vo/input/validations/create_account.go:117.2,117.15 1 0
stoneBanking/app/gateway/web/account/vo/input/validations/create_account.go:106.35,108.3 1 0
stoneBanking/app/gateway/web/account/vo/input/validations/create_account.go:113.33,115.3 1 0
stoneBanking/app/gateway/web/account/vo/input/validations/create_account.go:120.42,123.52 2 0
stoneBanking/app/gateway/web/account/vo/input/validations/create_account.go:127.2,127.13 1 0
stoneBanking/app/gateway/web/account/vo/input/validations/create_account.go:123.52,125.3 1 0
stoneBanking/app/gateway/web/transfer/get_all_by_account_id.go:12.88,14.16 2 0
stoneBanking/app/gateway/web/transfer/get_all_by_account_id.go:18.2,21.37 3 0
stoneBanking/app/gateway/web/transfer/get_all_by_account_id.go:26.2,26.16 1 0
stoneBanking/app/gateway/web/transfer/get_all_by_account_id.go:31.2,31.44 1 0
stoneBanking/app/gateway/web/transfer/get_all_by_account_id.go:14.16,16.3 1 0
stoneBanking/app/gateway/web/transfer/get_all_by_account_id.go:21.37,24.3 2 0
stoneBanking/app/gateway/web/transfer/get_all_by_account_id.go:26.16,29.3 2 0
stoneBanking/app/domain/entities/account/mock.go:16.88,18.2 1 0
stoneBanking/app/domain/entities/account/mock.go:20.100,22.2 1 0
stoneBanking/app/domain/entities/account/mock.go:23.92,25.2 1 0
stoneBanking/app/domain/entities/account/mock.go:27.73,29.2 1 0
stoneBanking/app/domain/entities/account/mock.go:30.107,32.2 1 0
stoneBanking/app/gateway/web/middleware/middleware.go:9.81,12.23 2 0
stoneBanking/app/gateway/web/middleware/middleware.go:16.2,17.16 2 0
stoneBanking/app/gateway/web/middleware/middleware.go:20.2,20.31 1 0
stoneBanking/app/gateway/web/middleware/middleware.go:12.23,14.3 1 0
stoneBanking/app/gateway/web/middleware/middleware.go:17.16,19.3 1 0
stoneBanking/app/gateway/web/token/generate_token.go:5.98,21.16 6 0
stoneBanking/app/gateway/web/token/generate_token.go:24.2,24.25 1 0
stoneBanking/app/gateway/web/token/generate_token.go:21.16,23.3 1 0
stoneBanking/app/gateway/web/transfer/vo/output/transfers.go:13.76,22.2 2 0
stoneBanking/app/gateway/database/postgres/transfers/get_by_id.go:9.114,27.16 5 1
stoneBanking/app/gateway/database/postgres/transfers/get_by_id.go:31.2,31.26 1 1
stoneBanking/app/gateway/database/postgres/transfers/get_by_id.go:27.16,29.3 1 1
stoneBanking/app/domain/types/money.go:5.28,7.2 1 0
stoneBanking/app/domain/types/money.go:9.34,11.2 1 0
stoneBanking/app/application/usecase/account/create_account.go:11.107,13.16 2 0
stoneBanking/app/application/usecase/account/create_account.go:17.2,19.16 2 0
stoneBanking/app/application/usecase/account/create_account.go:23.2,23.26 1 0
stoneBanking/app/application/usecase/account/create_account.go:27.2,29.16 2 0
stoneBanking/app/application/usecase/account/create_account.go:33.2,33.27 1 0
stoneBanking/app/application/usecase/account/create_account.go:13.16,15.3 1 0
stoneBanking/app/application/usecase/account/create_account.go:19.16,21.3 1 0
stoneBanking/app/application/usecase/account/create_account.go:23.26,25.3 1 0
stoneBanking/app/application/usecase/account/create_account.go:29.16,31.3 1 0
stoneBanking/app/gateway/database/postgres/accounts/update_balance_with_id.go:8.119,19.16 3 0
stoneBanking/app/gateway/database/postgres/accounts/update_balance_with_id.go:22.2,22.12 1 0
stoneBanking/app/gateway/database/postgres/accounts/update_balance_with_id.go:19.16,21.3 1 0
stoneBanking/app/application/usecase/account/login_user.go:9.100,11.16 2 0
stoneBanking/app/application/usecase/account/login_user.go:15.2,16.16 2 0
stoneBanking/app/application/usecase/account/login_user.go:20.2,21.16 2 0
stoneBanking/app/application/usecase/account/login_user.go:25.2,25.19 1 0
stoneBanking/app/application/usecase/account/login_user.go:11.16,13.3 1 0
stoneBanking/app/application/usecase/account/login_user.go:16.16,18.3 1 0
stoneBanking/app/application/usecase/account/login_user.go:21.16,23.3 1 0
stoneBanking/app/gateway/database/postgres/accounts/accounts.go:12.64,16.2 1 0
stoneBanking/app/gateway/web/token/extract_account_id.go:5.107,12.106 3 0
stoneBanking/app/gateway/web/token/extract_account_id.go:15.2,15.16 1 0
stoneBanking/app/gateway/web/token/extract_account_id.go:19.2,20.27 2 0
stoneBanking/app/gateway/web/token/extract_account_id.go:12.106,14.3 1 0
stoneBanking/app/gateway/web/token/extract_account_id.go:15.16,17.3 1 0
stoneBanking/app/gateway/database/postgres/transfers/transfer.go:12.66,16.2 1 1
stoneBanking/app/gateway/web/transfer/vo/input/transfers.go:14.76,21.2 2 0
stoneBanking/app/gateway/database/postgres/transfers/get_all_by_account_id.go:9.126,24.16 4 1
stoneBanking/app/gateway/database/postgres/transfers/get_all_by_account_id.go:28.2,30.20 2 1
stoneBanking/app/gateway/database/postgres/transfers/get_all_by_account_id.go:48.2,48.23 1 1
stoneBanking/app/gateway/database/postgres/transfers/get_all_by_account_id.go:24.16,26.3 1 0
stoneBanking/app/gateway/database/postgres/transfers/get_all_by_account_id.go:30.20,41.17 2 1
stoneBanking/app/gateway/database/postgres/transfers/get_all_by_account_id.go:45.3,45.46 1 1
stoneBanking/app/gateway/database/postgres/transfers/get_all_by_account_id.go:41.17,43.4 1 0
stoneBanking/app/domain/entities/token/mock.go:8.98,10.2 1 0
stoneBanking/app/domain/entities/token/mock.go:11.104,13.2 1 0
stoneBanking/app/application/usecase/account/get_balance.go:9.92,11.16 2 0
stoneBanking/app/application/usecase/account/get_balance.go:14.2,14.43 1 0
stoneBanking/app/application/usecase/account/get_balance.go:11.16,13.3 1 0
stoneBanking/app/application/usecase/transfer/usecase.go:21.77,26.2 1 0
stoneBanking/app/gateway/database/postgres/accounts/get_by_cpf.go:8.111,27.16 5 0
stoneBanking/app/gateway/database/postgres/accounts/get_by_cpf.go:31.2,31.24 1 0
stoneBanking/app/gateway/database/postgres/accounts/get_by_cpf.go:27.16,29.3 1 0
stoneBanking/app/common/utils/config/config.go:12.26,20.2 2 0
stoneBanking/app/domain/types/password.go:9.35,13.2 3 0
stoneBanking/app/domain/types/password.go:15.53,18.2 2 0
stoneBanking/app/domain/types/password.go:20.37,22.2 1 0
stoneBanking/app/application/usecase/account/validations/create_acount.go:8.61,9.28 1 0
stoneBanking/app/application/usecase/account/validations/create_acount.go:13.2,13.27 1 0
stoneBanking/app/application/usecase/account/validations/create_acount.go:17.2,17.30 1 0
stoneBanking/app/application/usecase/account/validations/create_acount.go:21.2,21.29 1 0
stoneBanking/app/application/usecase/account/validations/create_acount.go:25.2,25.12 1 0
stoneBanking/app/application/usecase/account/validations/create_acount.go:9.28,11.3 1 0
stoneBanking/app/application/usecase/account/validations/create_acount.go:13.27,15.3 1 0
stoneBanking/app/application/usecase/account/validations/create_acount.go:17.30,19.3 1 0
stoneBanking/app/application/usecase/account/validations/create_acount.go:21.29,23.3 1 0
stoneBanking/app/gateway/web/account/get_balance.go:10.82,12.16 2 0
stoneBanking/app/gateway/web/account/get_balance.go:17.2,18.16 2 0
stoneBanking/app/gateway/web/account/get_balance.go:23.2,27.42 2 0
stoneBanking/app/gateway/web/account/get_balance.go:12.16,15.3 2 0
stoneBanking/app/gateway/web/account/get_balance.go:18.16,21.3 2 0
stoneBanking/app/gateway/database/postgres/transfers/create_transfers.go:8.116,37.16 5 1
stoneBanking/app/gateway/database/postgres/transfers/create_transfers.go:41.2,49.16 4 1
stoneBanking/app/gateway/database/postgres/transfers/create_transfers.go:53.2,54.16 2 1
stoneBanking/app/gateway/database/postgres/transfers/create_transfers.go:58.2,59.16 2 1
stoneBanking/app/gateway/database/postgres/transfers/create_transfers.go:63.2,64.16 2 1
stoneBanking/app/gateway/database/postgres/transfers/create_transfers.go:68.2,68.26 1 1
stoneBanking/app/gateway/database/postgres/transfers/create_transfers.go:37.16,39.3 1 0
stoneBanking/app/gateway/database/postgres/transfers/create_transfers.go:49.16,51.3 1 0
stoneBanking/app/gateway/database/postgres/transfers/create_transfers.go:54.16,56.3 1 0
stoneBanking/app/gateway/database/postgres/transfers/create_transfers.go:59.16,61.3 1 0
stoneBanking/app/gateway/database/postgres/transfers/create_transfers.go:64.16,66.3 1 0
stoneBanking/app/domain/types/document.go:7.49,12.2 4 0
stoneBanking/app/domain/types/document.go:14.39,16.2 1 0
stoneBanking/app/application/usecase/account/get_all_accounts.go:9.80,12.16 3 0
stoneBanking/app/application/usecase/account/get_all_accounts.go:16.2,16.22 1 0
stoneBanking/app/application/usecase/account/get_all_accounts.go:12.16,14.3 1 0
stoneBanking/app/gateway/web/token/token.go:11.58,15.2 1 0
stoneBanking/app/gateway/web/account/get_all_accounts.go:9.78,13.35 3 0
stoneBanking/app/gateway/web/account/get_all_accounts.go:17.2,17.16 1 0
stoneBanking/app/gateway/web/account/get_all_accounts.go:22.2,22.43 1 0
stoneBanking/app/gateway/web/account/get_all_accounts.go:13.35,16.3 2 0
stoneBanking/app/gateway/web/account/get_all_accounts.go:17.16,20.3 2 0
stoneBanking/app/application/usecase/transfer/create_transfer.go:9.112,12.16 2 0
stoneBanking/app/application/usecase/transfer/create_transfer.go:16.2,17.16 2 0
stoneBanking/app/application/usecase/transfer/create_transfer.go:21.2,21.62 1 0
stoneBanking/app/application/usecase/transfer/create_transfer.go:25.2,34.16 3 0
stoneBanking/app/application/usecase/transfer/create_transfer.go:38.2,38.25 1 0
stoneBanking/app/application/usecase/transfer/create_transfer.go:12.16,14.3 1 0
stoneBanking/app/application/usecase/transfer/create_transfer.go:17.16,19.3 1 0
stoneBanking/app/application/usecase/transfer/create_transfer.go:21.62,23.3 1 0
stoneBanking/app/application/usecase/transfer/create_transfer.go:34.16,36.3 1 0
stoneBanking/app/gateway/web/account/account.go:13.78,18.2 1 0
stoneBanking/app/gateway/web/account/create_account.go:13.78,17.16 3 0
stoneBanking/app/gateway/web/account/create_account.go:22.2,23.16 2 0
stoneBanking/app/gateway/web/account/create_account.go:28.2,31.16 3 0
stoneBanking/app/gateway/web/account/create_account.go:36.2,38.16 3 0
stoneBanking/app/gateway/web/account/create_account.go:43.2,45.42 2 0
stoneBanking/app/gateway/web/account/create_account.go:17.16,20.3 2 0
stoneBanking/app/gateway/web/account/create_account.go:23.16,26.3 2 0
stoneBanking/app/gateway/web/account/create_account.go:31.16,34.3 2 0
stoneBanking/app/gateway/web/account/create_account.go:38.16,41.3 2 0
stoneBanking/app/gateway/web/transfer/create_transfer.go:14.77,17.16 2 0
stoneBanking/app/gateway/web/transfer/create_transfer.go:21.2,23.16 3 0
stoneBanking/app/gateway/web/transfer/create_transfer.go:28.2,33.16 4 0
stoneBanking/app/gateway/web/transfer/create_transfer.go:37.2,39.16 3 0
stoneBanking/app/gateway/web/transfer/create_transfer.go:44.2,45.43 2 0
stoneBanking/app/gateway/web/transfer/create_transfer.go:17.16,19.3 1 0
stoneBanking/app/gateway/web/transfer/create_transfer.go:23.16,26.3 2 0
stoneBanking/app/gateway/web/transfer/create_transfer.go:33.16,35.3 1 0
stoneBanking/app/gateway/web/transfer/create_transfer.go:39.16,42.3 2 0
stoneBanking/app/gateway/web/transfer/transfer.go:13.71,18.2 1 0
stoneBanking/app/gateway/database/postgres/postgres.go:15.47,23.16 5 0
stoneBanking/app/gateway/database/postgres/postgres.go:26.2,26.15 1 0
stoneBanking/app/gateway/database/postgres/postgres.go:23.16,25.3 1 0
stoneBanking/app/gateway/database/postgres/postgres.go:29.35,31.2 1 0
stoneBanking/app/gateway/database/postgres/postgres.go:33.56,36.16 2 1
stoneBanking/app/gateway/database/postgres/postgres.go:40.2,42.16 2 1
stoneBanking/app/gateway/database/postgres/postgres.go:46.2,46.12 1 1
stoneBanking/app/gateway/database/postgres/postgres.go:36.16,38.3 1 0
stoneBanking/app/gateway/database/postgres/postgres.go:42.16,44.3 1 0
stoneBanking/app/gateway/database/postgres/accounts/create_account.go:8.118,27.16 4 0
stoneBanking/app/gateway/database/postgres/accounts/create_account.go:31.2,31.24 1 0
stoneBanking/app/gateway/database/postgres/accounts/create_account.go:27.16,29.3 1 0
stoneBanking/app/gateway/database/postgres/transfers/get_all.go:8.86,17.16 4 1
stoneBanking/app/gateway/database/postgres/transfers/get_all.go:21.2,23.20 2 1
stoneBanking/app/gateway/database/postgres/transfers/get_all.go:31.2,31.23 1 1
stoneBanking/app/gateway/database/postgres/transfers/get_all.go:17.16,19.3 1 0
stoneBanking/app/gateway/database/postgres/transfers/get_all.go:23.20,25.17 2 1
stoneBanking/app/gateway/database/postgres/transfers/get_all.go:28.3,28.46 1 1
stoneBanking/app/gateway/database/postgres/transfers/get_all.go:25.17,27.4 1 0
stoneBanking/app/application/usecase/account/usecase.go:21.71,26.2 1 0
stoneBanking/app/gateway/web/account/vo/input/account.go:16.71,25.2 2 0
stoneBanking/app/gateway/web/account/login_user.go:15.81,18.16 3 0
stoneBanking/app/gateway/web/account/login_user.go:23.2,26.16 3 0
stoneBanking/app/gateway/web/account/login_user.go:31.2,37.16 3 0
stoneBanking/app/gateway/web/account/login_user.go:42.2,46.40 2 0
stoneBanking/app/gateway/web/account/login_user.go:18.16,21.3 2 0
stoneBanking/app/gateway/web/account/login_user.go:26.16,29.3 2 0
stoneBanking/app/gateway/web/account/login_user.go:37.16,40.3 2 0
stoneBanking/app/gateway/web/server/repositories.go:19.83,25.2 1 0
stoneBanking/app/gateway/database/postgres/accounts/get_all.go:8.92,18.16 4 0
stoneBanking/app/gateway/database/postgres/accounts/get_all.go:22.2,24.20 2 0
stoneBanking/app/gateway/database/postgres/accounts/get_all.go:32.2,32.22 1 0
stoneBanking/app/gateway/database/postgres/accounts/get_all.go:18.16,20.3 1 0
stoneBanking/app/gateway/database/postgres/accounts/get_all.go:24.20,26.17 2 0
stoneBanking/app/gateway/database/postgres/accounts/get_all.go:29.3,29.43 1 0
stoneBanking/app/gateway/database/postgres/accounts/get_all.go:26.17,28.4 1 0
stoneBanking/app/gateway/web/account/vo/input/validations/login_user.go:8.64,9.21 1 0
stoneBanking/app/gateway/web/account/vo/input/validations/login_user.go:13.2,13.24 1 0
stoneBanking/app/gateway/web/account/vo/input/validations/login_user.go:17.2,17.12 1 0
stoneBanking/app/gateway/web/account/vo/input/validations/login_user.go:9.21,11.3 1 0
stoneBanking/app/gateway/web/account/vo/input/validations/login_user.go:13.24,15.3 1 0
stoneBanking/app/gateway/web/transfer/vo/input/validations/transfer/create_transfer.go:7.96,8.67 1 0
stoneBanking/app/gateway/web/transfer/vo/input/validations/transfer/create_transfer.go:12.2,12.40 1 0
stoneBanking/app/gateway/web/transfer/vo/input/validations/transfer/create_transfer.go:16.2,16.41 1 0
stoneBanking/app/gateway/web/transfer/vo/input/validations/transfer/create_transfer.go:20.2,20.30 1 0
stoneBanking/app/gateway/web/transfer/vo/input/validations/transfer/create_transfer.go:24.2,24.26 1 0
stoneBanking/app/gateway/web/transfer/vo/input/validations/transfer/create_transfer.go:8.67,10.3 1 0
stoneBanking/app/gateway/web/transfer/vo/input/validations/transfer/create_transfer.go:12.40,14.3 1 0
stoneBanking/app/gateway/web/transfer/vo/input/validations/transfer/create_transfer.go:16.41,18.3 1 0
stoneBanking/app/gateway/web/transfer/vo/input/validations/transfer/create_transfer.go:20.30,22.3 1 0
stoneBanking/app/gateway/web/server/handler.go:17.77,30.2 12 0
stoneBanking/main.go:12.13,16.16 3 0
stoneBanking/main.go:20.2,28.42 6 0
stoneBanking/main.go:16.16,18.3 1 0
stoneBanking/app/gateway/database/postgres/accounts/get_by_id.go:9.127,27.16 5 0
stoneBanking/app/gateway/database/postgres/accounts/get_by_id.go:31.2,31.24 1 0
stoneBanking/app/gateway/database/postgres/accounts/get_by_id.go:27.16,29.3 1 0
stoneBanking/app/gateway/web/account/vo/input/account.go:16.71,25.2 2 0
stoneBanking/app/gateway/web/transfer/transfer.go:13.71,18.2 1 0
stoneBanking/app/gateway/web/transfer/vo/output/transfers.go:13.76,22.2 2 0
stoneBanking/app/gateway/database/postgres/postgres.go:15.47,23.16 5 0
stoneBanking/app/gateway/database/postgres/postgres.go:26.2,26.15 1 0
stoneBanking/app/gateway/database/postgres/postgres.go:23.16,25.3 1 0
stoneBanking/app/gateway/database/postgres/postgres.go:29.35,31.2 1 0
stoneBanking/app/gateway/database/postgres/postgres.go:33.56,36.16 2 1
stoneBanking/app/gateway/database/postgres/postgres.go:40.2,42.16 2 1
stoneBanking/app/gateway/database/postgres/postgres.go:46.2,46.12 1 1
stoneBanking/app/gateway/database/postgres/postgres.go:36.16,38.3 1 0
stoneBanking/app/gateway/database/postgres/postgres.go:42.16,44.3 1 0
stoneBanking/app/application/usecase/account/login_user.go:9.100,11.16 2 0
stoneBanking/app/application/usecase/account/login_user.go:15.2,16.16 2 0
stoneBanking/app/application/usecase/account/login_user.go:20.2,21.16 2 0
stoneBanking/app/application/usecase/account/login_user.go:25.2,25.19 1 0
stoneBanking/app/application/usecase/account/login_user.go:11.16,13.3 1 0
stoneBanking/app/application/usecase/account/login_user.go:16.16,18.3 1 0
stoneBanking/app/application/usecase/account/login_user.go:21.16,23.3 1 0
stoneBanking/app/gateway/web/account/account.go:13.78,18.2 1 0
stoneBanking/app/common/utils/config/config.go:12.26,20.2 2 0
stoneBanking/app/gateway/web/middleware/middleware.go:9.81,12.23 2 0
stoneBanking/app/gateway/web/middleware/middleware.go:16.2,17.16 2 0
stoneBanking/app/gateway/web/middleware/middleware.go:20.2,20.31 1 0
stoneBanking/app/gateway/web/middleware/middleware.go:12.23,14.3 1 0
stoneBanking/app/gateway/web/middleware/middleware.go:17.16,19.3 1 0
stoneBanking/app/gateway/web/account/login_user.go:15.81,18.16 3 0
stoneBanking/app/gateway/web/account/login_user.go:23.2,26.16 3 0
stoneBanking/app/gateway/web/account/login_user.go:31.2,37.16 3 0
stoneBanking/app/gateway/web/account/login_user.go:42.2,46.40 2 0
stoneBanking/app/gateway/web/account/login_user.go:18.16,21.3 2 0
stoneBanking/app/gateway/web/account/login_user.go:26.16,29.3 2 0
stoneBanking/app/gateway/web/account/login_user.go:37.16,40.3 2 0
stoneBanking/app/gateway/web/transfer/vo/input/validations/transfer/create_transfer.go:7.96,8.67 1 0
stoneBanking/app/gateway/web/transfer/vo/input/validations/transfer/create_transfer.go:12.2,12.40 1 0
stoneBanking/app/gateway/web/transfer/vo/input/validations/transfer/create_transfer.go:16.2,16.41 1 0
stoneBanking/app/gateway/web/transfer/vo/input/validations/transfer/create_transfer.go:20.2,20.30 1 0
stoneBanking/app/gateway/web/transfer/vo/input/validations/transfer/create_transfer.go:24.2,24.26 1 0
stoneBanking/app/gateway/web/transfer/vo/input/validations/transfer/create_transfer.go:8.67,10.3 1 0
stoneBanking/app/gateway/web/transfer/vo/input/validations/transfer/create_transfer.go:12.40,14.3 1 0
stoneBanking/app/gateway/web/transfer/vo/input/validations/transfer/create_transfer.go:16.41,18.3 1 0
stoneBanking/app/gateway/web/transfer/vo/input/validations/transfer/create_transfer.go:20.30,22.3 1 0
stoneBanking/app/gateway/database/postgres/accounts/create_account.go:8.118,27.16 4 1
stoneBanking/app/gateway/database/postgres/accounts/create_account.go:31.2,31.24 1 1
stoneBanking/app/gateway/database/postgres/accounts/create_account.go:27.16,29.3 1 1
stoneBanking/app/domain/types/document.go:7.49,12.2 4 0
stoneBanking/app/domain/types/document.go:14.39,16.2 1 0
stoneBanking/app/gateway/web/server/usecase.go:13.69,18.2 1 0
stoneBanking/app/application/usecase/transfer/usecase.go:21.77,26.2 1 0
stoneBanking/app/gateway/web/account/vo/input/validations/create_account.go:8.93,10.16 2 0
stoneBanking/app/gateway/web/account/vo/input/validations/create_account.go:14.2,15.16 2 0
stoneBanking/app/gateway/web/account/vo/input/validations/create_account.go:19.2,20.16 2 0
stoneBanking/app/gateway/web/account/vo/input/validations/create_account.go:24.2,25.16 2 0
stoneBanking/app/gateway/web/account/vo/input/validations/create_account.go:29.2,29.25 1 0
stoneBanking/app/gateway/web/account/vo/input/validations/create_account.go:10.16,12.3 1 0
stoneBanking/app/gateway/web/account/vo/input/validations/create_account.go:15.16,17.3 1 0
stoneBanking/app/gateway/web/account/vo/input/validations/create_account.go:20.16,22.3 1 0
stoneBanking/app/gateway/web/account/vo/input/validations/create_account.go:25.16,27.3 1 0
stoneBanking/app/gateway/web/account/vo/input/validations/create_account.go:32.46,33.16 1 0
stoneBanking/app/gateway/web/account/vo/input/validations/create_account.go:37.2,37.18 1 0
stoneBanking/app/gateway/web/account/vo/input/validations/create_account.go:33.16,35.3 1 0
stoneBanking/app/gateway/web/account/vo/input/validations/create_account.go:40.44,41.15 1 0
stoneBanking/app/gateway/web/account/vo/input/validations/create_account.go:45.2,45.20 1 0
stoneBanking/app/gateway/web/account/vo/input/validations/create_account.go:49.2,49.22 1 0
stoneBanking/app/gateway/web/account/vo/input/validations/create_account.go:53.2,53.30 1 0
stoneBanking/app/gateway/web/account/vo/input/validations/create_account.go:56.2,56.18 1 0
stoneBanking/app/gateway/web/account/vo/input/validations/create_account.go:41.15,43.3 1 0
stoneBanking/app/gateway/web/account/vo/input/validations/create_account.go:45.20,47.3 1 0
stoneBanking/app/gateway/web/account/vo/input/validations/create_account.go:49.22,51.3 1 0
stoneBanking/app/gateway/web/account/vo/input/validations/create_account.go:53.30,55.3 1 0
stoneBanking/app/gateway/web/account/vo/input/validations/create_account.go:59.50,60.18 1 0
stoneBanking/app/gateway/web/account/vo/input/validations/create_account.go:64.2,64.18 1 0
stoneBanking/app/gateway/web/account/vo/input/validations/create_account.go:60.18,62.3 1 0
stoneBanking/app/gateway/web/account/vo/input/validations/create_account.go:67.49,68.17 1 0
stoneBanking/app/gateway/web/account/vo/input/validations/create_account.go:72.2,72.18 1 0
stoneBanking/app/gateway/web/account/vo/input/validations/create_account.go:68.17,70.3 1 0
stoneBanking/app/gateway/web/account/vo/input/validations/create_account.go:75.34,78.24 2 0
stoneBanking/app/gateway/web/account/vo/input/validations/create_account.go:83.2,85.65 3 0
stoneBanking/app/gateway/web/account/vo/input/validations/create_account.go:78.24,81.3 2 0
stoneBanking/app/gateway/web/account/vo/input/validations/create_account.go:88.53,90.35 2 0
stoneBanking/app/gateway/web/account/vo/input/validations/create_account.go:93.2,97.33 4 0
stoneBanking/app/gateway/web/account/vo/input/validations/create_account.go:101.2,101.15 1 0
stoneBanking/app/gateway/web/account/vo/input/validations/create_account.go:90.35,92.3 1 0
stoneBanking/app/gateway/web/account/vo/input/validations/create_account.go:97.33,99.3 1 0
stoneBanking/app/gateway/web/account/vo/input/validations/create_account.go:104.54,106.35 2 0
stoneBanking/app/gateway/web/account/vo/input/validations/create_account.go:109.2,113.33 4 0
stoneBanking/app/gateway/web/account/vo/input/validations/create_account.go:117.2,117.15 1 0
stoneBanking/app/gateway/web/account/vo/input/validations/create_account.go:106.35,108.3 1 0
stoneBanking/app/gateway/web/account/vo/input/validations/create_account.go:113.33,115.3 1 0
stoneBanking/app/gateway/web/account/vo/input/validations/create_account.go:120.42,123.52 2 0
stoneBanking/app/gateway/web/account/vo/input/validations/create_account.go:127.2,127.13 1 0
stoneBanking/app/gateway/web/account/vo/input/validations/create_account.go:123.52,125.3 1 0
stoneBanking/app/gateway/web/token/token.go:11.58,15.2 1 0
stoneBanking/app/gateway/web/transfer/get_all_by_account_id.go:12.88,14.16 2 0
stoneBanking/app/gateway/web/transfer/get_all_by_account_id.go:18.2,21.37 3 0
stoneBanking/app/gateway/web/transfer/get_all_by_account_id.go:26.2,26.16 1 0
stoneBanking/app/gateway/web/transfer/get_all_by_account_id.go:31.2,31.44 1 0
stoneBanking/app/gateway/web/transfer/get_all_by_account_id.go:14.16,16.3 1 0
stoneBanking/app/gateway/web/transfer/get_all_by_account_id.go:21.37,24.3 2 0
stoneBanking/app/gateway/web/transfer/get_all_by_account_id.go:26.16,29.3 2 0
stoneBanking/app/gateway/database/postgres/accounts/accounts.go:12.64,16.2 1 1
stoneBanking/app/application/usecase/transfer/create_transfer.go:9.112,12.16 2 0
stoneBanking/app/application/usecase/transfer/create_transfer.go:16.2,17.16 2 0
stoneBanking/app/application/usecase/transfer/create_transfer.go:21.2,21.62 1 0
stoneBanking/app/application/usecase/transfer/create_transfer.go:25.2,34.16 3 0
stoneBanking/app/application/usecase/transfer/create_transfer.go:38.2,38.25 1 0
stoneBanking/app/application/usecase/transfer/create_transfer.go:12.16,14.3 1 0
stoneBanking/app/application/usecase/transfer/create_transfer.go:17.16,19.3 1 0
stoneBanking/app/application/usecase/transfer/create_transfer.go:21.62,23.3 1 0
stoneBanking/app/application/usecase/transfer/create_transfer.go:34.16,36.3 1 0
stoneBanking/app/gateway/web/account/vo/output/accounts.go:19.63,28.2 2 0
stoneBanking/app/gateway/database/postgres/accounts/get_by_cpf.go:8.111,27.16 5 1
stoneBanking/app/gateway/database/postgres/accounts/get_by_cpf.go:31.2,31.24 1 1
stoneBanking/app/gateway/database/postgres/accounts/get_by_cpf.go:27.16,29.3 1 1
stoneBanking/app/domain/types/password.go:9.35,13.2 3 0
stoneBanking/app/domain/types/password.go:15.53,18.2 2 0
stoneBanking/app/domain/types/password.go:20.37,22.2 1 0
stoneBanking/app/gateway/web/account/vo/input/validations/login_user.go:8.64,9.21 1 0
stoneBanking/app/gateway/web/account/vo/input/validations/login_user.go:13.2,13.24 1 0
stoneBanking/app/gateway/web/account/vo/input/validations/login_user.go:17.2,17.12 1 0
stoneBanking/app/gateway/web/account/vo/input/validations/login_user.go:9.21,11.3 1 0
stoneBanking/app/gateway/web/account/vo/input/validations/login_user.go:13.24,15.3 1 0
stoneBanking/app/gateway/web/server/repositories.go:19.83,25.2 1 0
stoneBanking/main.go:12.13,16.16 3 0
stoneBanking/main.go:20.2,28.42 6 0
stoneBanking/main.go:16.16,18.3 1 0
stoneBanking/app/gateway/web/account/create_account.go:13.78,17.16 3 0
stoneBanking/app/gateway/web/account/create_account.go:22.2,23.16 2 0
stoneBanking/app/gateway/web/account/create_account.go:28.2,31.16 3 0
stoneBanking/app/gateway/web/account/create_account.go:36.2,38.16 3 0
stoneBanking/app/gateway/web/account/create_account.go:43.2,45.42 2 0
stoneBanking/app/gateway/web/account/create_account.go:17.16,20.3 2 0
stoneBanking/app/gateway/web/account/create_account.go:23.16,26.3 2 0
stoneBanking/app/gateway/web/account/create_account.go:31.16,34.3 2 0
stoneBanking/app/gateway/web/account/create_account.go:38.16,41.3 2 0
stoneBanking/app/application/usecase/account/get_balance.go:9.92,11.16 2 0
stoneBanking/app/application/usecase/account/get_balance.go:14.2,14.43 1 0
stoneBanking/app/application/usecase/account/get_balance.go:11.16,13.3 1 0
stoneBanking/app/application/usecase/account/usecase.go:21.71,26.2 1 0
stoneBanking/app/gateway/database/postgres/accounts/get_all.go:8.92,18.16 4 1
stoneBanking/app/gateway/database/postgres/accounts/get_all.go:22.2,24.20 2 1
stoneBanking/app/gateway/database/postgres/accounts/get_all.go:32.2,32.22 1 1
stoneBanking/app/gateway/database/postgres/accounts/get_all.go:18.16,20.3 1 0
stoneBanking/app/gateway/database/postgres/accounts/get_all.go:24.20,26.17 2 1
stoneBanking/app/gateway/database/postgres/accounts/get_all.go:29.3,29.43 1 1
stoneBanking/app/gateway/database/postgres/accounts/get_all.go:26.17,28.4 1 0
stoneBanking/app/gateway/database/postgres/accounts/get_by_id.go:9.127,27.16 5 1
stoneBanking/app/gateway/database/postgres/accounts/get_by_id.go:31.2,31.24 1 1
stoneBanking/app/gateway/database/postgres/accounts/get_by_id.go:27.16,29.3 1 1
stoneBanking/app/gateway/database/postgres/accounts/update_balance_with_id.go:8.119,19.16 3 1
stoneBanking/app/gateway/database/postgres/accounts/update_balance_with_id.go:22.2,22.12 1 1
stoneBanking/app/gateway/database/postgres/accounts/update_balance_with_id.go:19.16,21.3 1 1
stoneBanking/app/application/usecase/transfer/get_all_by_account_id.go:9.121,11.16 2 0
stoneBanking/app/application/usecase/transfer/get_all_by_account_id.go:15.2,16.16 2 0
stoneBanking/app/application/usecase/transfer/get_all_by_account_id.go:20.2,20.23 1 0
stoneBanking/app/application/usecase/transfer/get_all_by_account_id.go:11.16,13.3 1 0
stoneBanking/app/application/usecase/transfer/get_all_by_account_id.go:16.16,18.3 1 0
stoneBanking/app/gateway/database/postgres/transfers/get_all.go:8.86,17.16 4 0
stoneBanking/app/gateway/database/postgres/transfers/get_all.go:21.2,23.20 2 0
stoneBanking/app/gateway/database/postgres/transfers/get_all.go:31.2,31.23 1 0
stoneBanking/app/gateway/database/postgres/transfers/get_all.go:17.16,19.3 1 0
stoneBanking/app/gateway/database/postgres/transfers/get_all.go:23.20,25.17 2 0
stoneBanking/app/gateway/database/postgres/transfers/get_all.go:28.3,28.46 1 0
stoneBanking/app/gateway/database/postgres/transfers/get_all.go:25.17,27.4 1 0
stoneBanking/app/gateway/web/transfer/create_transfer.go:14.77,17.16 2 0
stoneBanking/app/gateway/web/transfer/create_transfer.go:21.2,23.16 3 0
stoneBanking/app/gateway/web/transfer/create_transfer.go:28.2,33.16 4 0
stoneBanking/app/gateway/web/transfer/create_transfer.go:37.2,39.16 3 0
stoneBanking/app/gateway/web/transfer/create_transfer.go:44.2,45.43 2 0
stoneBanking/app/gateway/web/transfer/create_transfer.go:17.16,19.3 1 0
stoneBanking/app/gateway/web/transfer/create_transfer.go:23.16,26.3 2 0
stoneBanking/app/gateway/web/transfer/create_transfer.go:33.16,35.3 1 0
stoneBanking/app/gateway/web/transfer/create_transfer.go:39.16,42.3 2 0
stoneBanking/app/application/usecase/account/get_all_accounts.go:9.80,12.16 3 0
stoneBanking/app/application/usecase/account/get_all_accounts.go:16.2,16.22 1 0
stoneBanking/app/application/usecase/account/get_all_accounts.go:12.16,14.3 1 0
stoneBanking/app/application/usecase/account/validations/create_acount.go:8.61,9.28 1 0
stoneBanking/app/application/usecase/account/validations/create_acount.go:13.2,13.27 1 0
stoneBanking/app/application/usecase/account/validations/create_acount.go:17.2,17.30 1 0
stoneBanking/app/application/usecase/account/validations/create_acount.go:21.2,21.29 1 0
stoneBanking/app/application/usecase/account/validations/create_acount.go:25.2,25.12 1 0
stoneBanking/app/application/usecase/account/validations/create_acount.go:9.28,11.3 1 0
stoneBanking/app/application/usecase/account/validations/create_acount.go:13.27,15.3 1 0
stoneBanking/app/application/usecase/account/validations/create_acount.go:17.30,19.3 1 0
stoneBanking/app/application/usecase/account/validations/create_acount.go:21.29,23.3 1 0
stoneBanking/app/application/usecase/account/create_account.go:11.107,13.16 2 0
stoneBanking/app/application/usecase/account/create_account.go:17.2,19.16 2 0
stoneBanking/app/application/usecase/account/create_account.go:23.2,23.26 1 0
stoneBanking/app/application/usecase/account/create_account.go:27.2,29.16 2 0
stoneBanking/app/application/usecase/account/create_account.go:33.2,33.27 1 0
stoneBanking/app/application/usecase/account/create_account.go:13.16,15.3 1 0
stoneBanking/app/application/usecase/account/create_account.go:19.16,21.3 1 0
stoneBanking/app/application/usecase/account/create_account.go:23.26,25.3 1 0
stoneBanking/app/application/usecase/account/create_account.go:29.16,31.3 1 0
stoneBanking/app/gateway/web/token/extract_account_id.go:5.107,12.106 3 0
stoneBanking/app/gateway/web/token/extract_account_id.go:15.2,15.16 1 0
stoneBanking/app/gateway/web/token/extract_account_id.go:19.2,20.27 2 0
stoneBanking/app/gateway/web/token/extract_account_id.go:12.106,14.3 1 0
stoneBanking/app/gateway/web/token/extract_account_id.go:15.16,17.3 1 0
stoneBanking/app/domain/types/money.go:5.28,7.2 1 1
stoneBanking/app/domain/types/money.go:9.34,11.2 1 0
stoneBanking/app/gateway/database/postgres/transfers/get_all_by_account_id.go:9.126,24.16 4 0
stoneBanking/app/gateway/database/postgres/transfers/get_all_by_account_id.go:28.2,30.20 2 0
stoneBanking/app/gateway/database/postgres/transfers/get_all_by_account_id.go:48.2,48.23 1 0
stoneBanking/app/gateway/database/postgres/transfers/get_all_by_account_id.go:24.16,26.3 1 0
stoneBanking/app/gateway/database/postgres/transfers/get_all_by_account_id.go:30.20,41.17 2 0
stoneBanking/app/gateway/database/postgres/transfers/get_all_by_account_id.go:45.3,45.46 1 0
stoneBanking/app/gateway/database/postgres/transfers/get_all_by_account_id.go:41.17,43.4 1 0
stoneBanking/app/gateway/database/postgres/transfers/get_by_id.go:9.114,27.16 5 0
stoneBanking/app/gateway/database/postgres/transfers/get_by_id.go:31.2,31.26 1 0
stoneBanking/app/gateway/database/postgres/transfers/get_by_id.go:27.16,29.3 1 0
stoneBanking/app/gateway/web/account/get_balance.go:10.82,12.16 2 0
stoneBanking/app/gateway/web/account/get_balance.go:17.2,18.16 2 0
stoneBanking/app/gateway/web/account/get_balance.go:23.2,27.42 2 0
stoneBanking/app/gateway/web/account/get_balance.go:12.16,15.3 2 0
stoneBanking/app/gateway/web/account/get_balance.go:18.16,21.3 2 0
stoneBanking/app/gateway/web/transfer/vo/input/transfers.go:14.76,21.2 2 0
stoneBanking/app/domain/entities/account/mock.go:16.88,18.2 1 0
stoneBanking/app/domain/entities/account/mock.go:20.100,22.2 1 0
stoneBanking/app/domain/entities/account/mock.go:23.92,25.2 1 0
stoneBanking/app/domain/entities/account/mock.go:27.73,29.2 1 0
stoneBanking/app/domain/entities/account/mock.go:30.107,32.2 1 0
stoneBanking/app/domain/entities/token/mock.go:8.98,10.2 1 0
stoneBanking/app/domain/entities/token/mock.go:11.104,13.2 1 0
stoneBanking/app/gateway/database/postgres/transfers/create_transfers.go:8.116,37.16 5 0
stoneBanking/app/gateway/database/postgres/transfers/create_transfers.go:41.2,49.16 4 0
stoneBanking/app/gateway/database/postgres/transfers/create_transfers.go:53.2,54.16 2 0
stoneBanking/app/gateway/database/postgres/transfers/create_transfers.go:58.2,59.16 2 0
stoneBanking/app/gateway/database/postgres/transfers/create_transfers.go:63.2,64.16 2 0
stoneBanking/app/gateway/database/postgres/transfers/create_transfers.go:68.2,68.26 1 0
stoneBanking/app/gateway/database/postgres/transfers/create_transfers.go:37.16,39.3 1 0
stoneBanking/app/gateway/database/postgres/transfers/create_transfers.go:49.16,51.3 1 0
stoneBanking/app/gateway/database/postgres/transfers/create_transfers.go:54.16,56.3 1 0
stoneBanking/app/gateway/database/postgres/transfers/create_transfers.go:59.16,61.3 1 0
stoneBanking/app/gateway/database/postgres/transfers/create_transfers.go:64.16,66.3 1 0
stoneBanking/app/gateway/database/postgres/transfers/transfer.go:12.66,16.2 1 0
stoneBanking/app/gateway/web/account/get_all_accounts.go:9.78,13.35 3 0
stoneBanking/app/gateway/web/account/get_all_accounts.go:17.2,17.16 1 0
stoneBanking/app/gateway/web/account/get_all_accounts.go:22.2,22.43 1 0
stoneBanking/app/gateway/web/account/get_all_accounts.go:13.35,16.3 2 0
stoneBanking/app/gateway/web/account/get_all_accounts.go:17.16,20.3 2 0
stoneBanking/app/gateway/web/token/generate_token.go:5.98,21.16 6 0
stoneBanking/app/gateway/web/token/generate_token.go:24.2,24.25 1 0
stoneBanking/app/gateway/web/token/generate_token.go:21.16,23.3 1 0
stoneBanking/app/gateway/web/server/handler.go:17.77,30.2 12 0
