mode: set
stoneBanking/app/gateway/database/postgres/transfers/get_by_id.go:9.114,27.16 5 0
stoneBanking/app/gateway/database/postgres/transfers/get_by_id.go:31.2,31.26 1 0
stoneBanking/app/gateway/database/postgres/transfers/get_by_id.go:27.16,29.3 1 0
stoneBanking/app/domain/types/money.go:5.28,7.2 1 0
stoneBanking/app/domain/types/money.go:9.34,11.2 1 0
stoneBanking/app/application/vo/input/account.go:19.68,28.2 2 0
stoneBanking/app/application/vo/input/account.go:30.39,33.2 2 0
stoneBanking/app/application/vo/input/account.go:35.59,38.2 2 0
stoneBanking/app/application/validations/account/create_account.go:7.93,9.16 2 0
stoneBanking/app/application/validations/account/create_account.go:13.2,14.16 2 0
stoneBanking/app/application/validations/account/create_account.go:18.2,19.16 2 0
stoneBanking/app/application/validations/account/create_account.go:23.2,24.16 2 0
stoneBanking/app/application/validations/account/create_account.go:28.2,28.25 1 0
stoneBanking/app/application/validations/account/create_account.go:9.16,11.3 1 0
stoneBanking/app/application/validations/account/create_account.go:14.16,16.3 1 0
stoneBanking/app/application/validations/account/create_account.go:19.16,21.3 1 0
stoneBanking/app/application/validations/account/create_account.go:24.16,26.3 1 0
stoneBanking/app/application/validations/account/create_account.go:31.46,32.16 1 0
stoneBanking/app/application/validations/account/create_account.go:36.2,36.18 1 0
stoneBanking/app/application/validations/account/create_account.go:32.16,34.3 1 0
stoneBanking/app/application/validations/account/create_account.go:39.44,40.15 1 0
stoneBanking/app/application/validations/account/create_account.go:44.2,44.20 1 0
stoneBanking/app/application/validations/account/create_account.go:48.2,48.22 1 0
stoneBanking/app/application/validations/account/create_account.go:52.2,52.30 1 0
stoneBanking/app/application/validations/account/create_account.go:55.2,55.18 1 0
stoneBanking/app/application/validations/account/create_account.go:40.15,42.3 1 0
stoneBanking/app/application/validations/account/create_account.go:44.20,46.3 1 0
stoneBanking/app/application/validations/account/create_account.go:48.22,50.3 1 0
stoneBanking/app/application/validations/account/create_account.go:52.30,54.3 1 0
stoneBanking/app/application/validations/account/create_account.go:58.50,59.18 1 0
stoneBanking/app/application/validations/account/create_account.go:63.2,63.18 1 0
stoneBanking/app/application/validations/account/create_account.go:59.18,61.3 1 0
stoneBanking/app/application/validations/account/create_account.go:66.49,67.17 1 0
stoneBanking/app/application/validations/account/create_account.go:71.2,71.18 1 0
stoneBanking/app/application/validations/account/create_account.go:67.17,69.3 1 0
stoneBanking/app/application/validations/account/create_account.go:74.34,77.24 2 0
stoneBanking/app/application/validations/account/create_account.go:82.2,84.65 3 0
stoneBanking/app/application/validations/account/create_account.go:77.24,80.3 2 0
stoneBanking/app/application/validations/account/create_account.go:87.53,89.35 2 0
stoneBanking/app/application/validations/account/create_account.go:92.2,94.18 2 0
stoneBanking/app/application/validations/account/create_account.go:98.2,98.15 1 0
stoneBanking/app/application/validations/account/create_account.go:89.35,91.3 1 0
stoneBanking/app/application/validations/account/create_account.go:94.18,96.3 1 0
stoneBanking/app/application/validations/account/create_account.go:101.54,103.35 2 0
stoneBanking/app/application/validations/account/create_account.go:106.2,108.18 2 0
stoneBanking/app/application/validations/account/create_account.go:112.2,112.15 1 0
stoneBanking/app/application/validations/account/create_account.go:103.35,105.3 1 0
stoneBanking/app/application/validations/account/create_account.go:108.18,110.3 1 0
stoneBanking/app/application/validations/account/create_account.go:115.42,117.51 1 0
stoneBanking/app/application/validations/account/create_account.go:121.2,121.13 1 0
stoneBanking/app/application/validations/account/create_account.go:117.51,119.3 1 0
stoneBanking/app/application/usecase/account/create_account.go:11.121,18.16 5 0
stoneBanking/app/application/usecase/account/create_account.go:22.2,24.16 2 0
stoneBanking/app/application/usecase/account/create_account.go:29.2,33.16 3 0
stoneBanking/app/application/usecase/account/create_account.go:37.2,39.28 2 0
stoneBanking/app/application/usecase/account/create_account.go:18.16,20.3 1 0
stoneBanking/app/application/usecase/account/create_account.go:24.16,27.3 2 0
stoneBanking/app/application/usecase/account/create_account.go:33.16,35.3 1 0
stoneBanking/app/application/usecase/transfer/create_transfer.go:12.124,15.16 2 0
stoneBanking/app/application/usecase/transfer/create_transfer.go:19.2,20.16 2 0
stoneBanking/app/application/usecase/transfer/create_transfer.go:24.2,25.16 2 0
stoneBanking/app/application/usecase/transfer/create_transfer.go:29.2,29.62 1 0
stoneBanking/app/application/usecase/transfer/create_transfer.go:33.2,44.16 3 0
stoneBanking/app/application/usecase/transfer/create_transfer.go:48.2,50.29 2 0
stoneBanking/app/application/usecase/transfer/create_transfer.go:15.16,17.3 1 0
stoneBanking/app/application/usecase/transfer/create_transfer.go:20.16,22.3 1 0
stoneBanking/app/application/usecase/transfer/create_transfer.go:25.16,27.3 1 0
stoneBanking/app/application/usecase/transfer/create_transfer.go:29.62,31.3 1 0
stoneBanking/app/application/usecase/transfer/create_transfer.go:44.16,46.3 1 0
stoneBanking/app/gateway/database/postgres/accounts/create_account.go:8.118,27.16 4 0
stoneBanking/app/gateway/database/postgres/accounts/create_account.go:31.2,31.24 1 0
stoneBanking/app/gateway/database/postgres/accounts/create_account.go:27.16,29.3 1 0
stoneBanking/app/gateway/web/transfer/get_all_by_account_id.go:12.88,16.16 4 0
stoneBanking/app/gateway/web/transfer/get_all_by_account_id.go:21.2,21.44 1 0
stoneBanking/app/gateway/web/transfer/get_all_by_account_id.go:16.16,19.3 2 0
stoneBanking/app/gateway/database/postgres/transfers/get_all_by_account_id.go:9.126,24.16 4 0
stoneBanking/app/gateway/database/postgres/transfers/get_all_by_account_id.go:28.2,30.20 2 0
stoneBanking/app/gateway/database/postgres/transfers/get_all_by_account_id.go:49.2,49.23 1 0
stoneBanking/app/gateway/database/postgres/transfers/get_all_by_account_id.go:24.16,26.3 1 0
stoneBanking/app/gateway/database/postgres/transfers/get_all_by_account_id.go:30.20,42.17 2 0
stoneBanking/app/gateway/database/postgres/transfers/get_all_by_account_id.go:46.3,46.46 1 0
stoneBanking/app/gateway/database/postgres/transfers/get_all_by_account_id.go:42.17,44.4 1 0
stoneBanking/app/gateway/web/account/create_account.go:10.78,14.16 3 0
stoneBanking/app/gateway/web/account/create_account.go:19.2,22.16 3 0
stoneBanking/app/gateway/web/account/create_account.go:27.2,27.42 1 0
stoneBanking/app/gateway/web/account/create_account.go:14.16,17.3 2 0
stoneBanking/app/gateway/web/account/create_account.go:22.16,25.3 2 0
stoneBanking/app/gateway/web/transfer/transfer.go:9.41,13.2 1 0
stoneBanking/app/application/usecase/account/get_balance.go:9.108,11.16 2 0
stoneBanking/app/application/usecase/account/get_balance.go:14.2,14.77 1 0
stoneBanking/app/application/usecase/account/get_balance.go:11.16,13.3 1 0
stoneBanking/app/gateway/database/postgres/accounts/get_all.go:8.92,18.16 4 0
stoneBanking/app/gateway/database/postgres/accounts/get_all.go:22.2,24.20 2 0
stoneBanking/app/gateway/database/postgres/accounts/get_all.go:32.2,32.22 1 0
stoneBanking/app/gateway/database/postgres/accounts/get_all.go:18.16,20.3 1 0
stoneBanking/app/gateway/database/postgres/accounts/get_all.go:24.20,26.17 2 0
stoneBanking/app/gateway/database/postgres/accounts/get_all.go:29.3,29.43 1 0
stoneBanking/app/gateway/database/postgres/accounts/get_all.go:26.17,28.4 1 0
stoneBanking/app/gateway/database/postgres/accounts/update_balance_with_id.go:8.119,19.16 3 0
stoneBanking/app/gateway/database/postgres/accounts/update_balance_with_id.go:22.2,22.12 1 0
stoneBanking/app/gateway/database/postgres/accounts/update_balance_with_id.go:19.16,21.3 1 0
stoneBanking/app/gateway/web/server/usecase.go:13.69,18.2 1 0
stoneBanking/main.go:11.13,15.16 3 0
stoneBanking/main.go:19.2,25.24 5 0
stoneBanking/main.go:15.16,17.3 1 0
stoneBanking/app/gateway/web/server/handler.go:16.43,29.2 12 0
stoneBanking/app/application/validations/transfer/create_transfer.go:7.96,8.67 1 1
stoneBanking/app/application/validations/transfer/create_transfer.go:12.2,12.40 1 1
stoneBanking/app/application/validations/transfer/create_transfer.go:16.2,16.41 1 1
stoneBanking/app/application/validations/transfer/create_transfer.go:20.2,20.30 1 1
stoneBanking/app/application/validations/transfer/create_transfer.go:24.2,24.26 1 1
stoneBanking/app/application/validations/transfer/create_transfer.go:8.67,10.3 1 1
stoneBanking/app/application/validations/transfer/create_transfer.go:12.40,14.3 1 1
stoneBanking/app/application/validations/transfer/create_transfer.go:16.41,18.3 1 1
stoneBanking/app/application/validations/transfer/create_transfer.go:20.30,22.3 1 1
stoneBanking/app/application/validations/account/login_user.go:8.75,9.21 1 0
stoneBanking/app/application/validations/account/login_user.go:13.2,13.24 1 0
stoneBanking/app/application/validations/account/login_user.go:17.2,17.18 1 0
stoneBanking/app/application/validations/account/login_user.go:9.21,11.3 1 0
stoneBanking/app/application/validations/account/login_user.go:13.24,15.3 1 0
stoneBanking/app/application/vo/output/accounts.go:19.63,28.2 2 0
stoneBanking/app/application/vo/output/transfers.go:13.76,22.2 2 0
stoneBanking/app/application/usecase/account/usecase.go:21.47,25.2 1 0
stoneBanking/app/gateway/web/transfer/create_transfer.go:11.77,14.16 3 0
stoneBanking/app/gateway/web/transfer/create_transfer.go:19.2,22.16 3 0
stoneBanking/app/gateway/web/transfer/create_transfer.go:27.2,27.43 1 0
stoneBanking/app/gateway/web/transfer/create_transfer.go:14.16,17.3 2 0
stoneBanking/app/gateway/web/transfer/create_transfer.go:22.16,25.3 2 0
stoneBanking/app/gateway/web/account/account.go:11.54,15.2 1 0
stoneBanking/app/gateway/web/account/get_balance.go:10.82,15.16 4 0
stoneBanking/app/gateway/web/account/get_balance.go:19.2,19.43 1 0
stoneBanking/app/gateway/web/account/get_balance.go:15.16,17.3 1 0
stoneBanking/app/gateway/database/postgres/accounts/accounts.go:12.64,16.2 1 0
stoneBanking/app/gateway/database/postgres/accounts/get_by_id.go:9.127,27.16 5 0
stoneBanking/app/gateway/database/postgres/accounts/get_by_id.go:31.2,31.24 1 0
stoneBanking/app/gateway/database/postgres/accounts/get_by_id.go:27.16,29.3 1 0
stoneBanking/app/gateway/database/postgres/transfers/create_transfers.go:8.116,37.16 5 0
stoneBanking/app/gateway/database/postgres/transfers/create_transfers.go:41.2,49.16 4 0
stoneBanking/app/gateway/database/postgres/transfers/create_transfers.go:53.2,54.16 2 0
stoneBanking/app/gateway/database/postgres/transfers/create_transfers.go:58.2,59.16 2 0
stoneBanking/app/gateway/database/postgres/transfers/create_transfers.go:63.2,64.16 2 0
stoneBanking/app/gateway/database/postgres/transfers/create_transfers.go:68.2,68.26 1 0
stoneBanking/app/gateway/database/postgres/transfers/create_transfers.go:37.16,39.3 1 0
stoneBanking/app/gateway/database/postgres/transfers/create_transfers.go:49.16,51.3 1 0
stoneBanking/app/gateway/database/postgres/transfers/create_transfers.go:54.16,56.3 1 0
stoneBanking/app/gateway/database/postgres/transfers/create_transfers.go:59.16,61.3 1 0
stoneBanking/app/gateway/database/postgres/transfers/create_transfers.go:64.16,66.3 1 0
stoneBanking/app/gateway/web/account/login_user.go:11.81,14.16 3 0
stoneBanking/app/gateway/web/account/login_user.go:19.2,22.16 3 0
stoneBanking/app/gateway/web/account/login_user.go:27.2,27.40 1 0
stoneBanking/app/gateway/web/account/login_user.go:14.16,17.3 2 0
stoneBanking/app/gateway/web/account/login_user.go:22.16,25.3 2 0
stoneBanking/app/gateway/web/server/repositories.go:16.67,21.2 1 0
stoneBanking/app/application/usecase/account/get_all_accounts.go:9.87,13.16 4 0
stoneBanking/app/application/usecase/account/get_all_accounts.go:17.2,17.35 1 0
stoneBanking/app/application/usecase/account/get_all_accounts.go:22.2,22.28 1 0
stoneBanking/app/application/usecase/account/get_all_accounts.go:13.16,15.3 1 0
stoneBanking/app/application/usecase/account/get_all_accounts.go:17.35,20.3 2 0
stoneBanking/app/application/usecase/transfer/get_all_by_account_id.go:9.127,13.16 3 0
stoneBanking/app/application/usecase/transfer/get_all_by_account_id.go:17.2,18.16 2 0
stoneBanking/app/application/usecase/transfer/get_all_by_account_id.go:22.2,22.37 1 0
stoneBanking/app/application/usecase/transfer/get_all_by_account_id.go:27.2,27.29 1 0
stoneBanking/app/application/usecase/transfer/get_all_by_account_id.go:13.16,15.3 1 0
stoneBanking/app/application/usecase/transfer/get_all_by_account_id.go:18.16,20.3 1 0
stoneBanking/app/application/usecase/transfer/get_all_by_account_id.go:22.37,25.3 2 0
stoneBanking/app/gateway/database/postgres/transfers/get_all.go:8.86,17.16 4 0
stoneBanking/app/gateway/database/postgres/transfers/get_all.go:21.2,23.20 2 0
stoneBanking/app/gateway/database/postgres/transfers/get_all.go:31.2,31.23 1 0
stoneBanking/app/gateway/database/postgres/transfers/get_all.go:17.16,19.3 1 0
stoneBanking/app/gateway/database/postgres/transfers/get_all.go:23.20,25.17 2 0
stoneBanking/app/gateway/database/postgres/transfers/get_all.go:28.3,28.46 1 0
stoneBanking/app/gateway/database/postgres/transfers/get_all.go:25.17,27.4 1 0
stoneBanking/app/gateway/web/account/get_all_accounts.go:8.78,11.16 2 0
stoneBanking/app/gateway/web/account/get_all_accounts.go:15.2,15.43 1 0
stoneBanking/app/gateway/web/account/get_all_accounts.go:11.16,13.3 1 0
stoneBanking/app/common/utils/cpf.go:5.42,9.2 3 0
stoneBanking/app/gateway/database/postgres/accounts/get_by_cpf.go:8.111,27.16 5 0
stoneBanking/app/gateway/database/postgres/accounts/get_by_cpf.go:31.2,31.24 1 0
stoneBanking/app/gateway/database/postgres/accounts/get_by_cpf.go:27.16,29.3 1 0
stoneBanking/app/gateway/database/postgres/transfers/transfer.go:12.66,16.2 1 0
stoneBanking/app/gateway/database/postgres/postgres.go:15.27,26.16 8 0
stoneBanking/app/gateway/database/postgres/postgres.go:29.2,29.15 1 0
stoneBanking/app/gateway/database/postgres/postgres.go:26.16,28.3 1 0
stoneBanking/app/gateway/database/postgres/postgres.go:32.35,34.2 1 0
stoneBanking/app/gateway/database/postgres/postgres.go:36.56,39.16 2 0
stoneBanking/app/gateway/database/postgres/postgres.go:43.2,45.16 2 0
stoneBanking/app/gateway/database/postgres/postgres.go:49.2,49.12 1 0
stoneBanking/app/gateway/database/postgres/postgres.go:39.16,41.3 1 0
stoneBanking/app/gateway/database/postgres/postgres.go:45.16,47.3 1 0
stoneBanking/app/application/usecase/account/login_user.go:21.112,24.16 3 0
stoneBanking/app/application/usecase/account/login_user.go:28.2,29.16 2 0
stoneBanking/app/application/usecase/account/login_user.go:33.2,33.60 1 0
stoneBanking/app/application/usecase/account/login_user.go:37.2,38.16 2 0
stoneBanking/app/application/usecase/account/login_user.go:42.2,42.48 1 0
stoneBanking/app/application/usecase/account/login_user.go:24.16,26.3 1 0
stoneBanking/app/application/usecase/account/login_user.go:29.16,31.3 1 0
stoneBanking/app/application/usecase/account/login_user.go:33.60,35.3 1 0
stoneBanking/app/application/usecase/account/login_user.go:38.16,40.3 1 0
stoneBanking/app/application/usecase/account/login_user.go:45.83,58.16 5 0
stoneBanking/app/application/usecase/account/login_user.go:61.2,61.25 1 0
stoneBanking/app/application/usecase/account/login_user.go:58.16,60.3 1 0
stoneBanking/app/application/usecase/transfer/usecase.go:22.77,27.2 1 0
stoneBanking/app/gateway/database/postgres/transfers/get_all.go:8.86,17.16 4 0
stoneBanking/app/gateway/database/postgres/transfers/get_all.go:21.2,23.20 2 0
stoneBanking/app/gateway/database/postgres/transfers/get_all.go:31.2,31.23 1 0
stoneBanking/app/gateway/database/postgres/transfers/get_all.go:17.16,19.3 1 0
stoneBanking/app/gateway/database/postgres/transfers/get_all.go:23.20,25.17 2 0
stoneBanking/app/gateway/database/postgres/transfers/get_all.go:28.3,28.46 1 0
stoneBanking/app/gateway/database/postgres/transfers/get_all.go:25.17,27.4 1 0
stoneBanking/app/gateway/web/account/get_balance.go:10.82,15.16 4 0
stoneBanking/app/gateway/web/account/get_balance.go:19.2,19.43 1 0
stoneBanking/app/gateway/web/account/get_balance.go:15.16,17.3 1 0
stoneBanking/app/gateway/web/server/repositories.go:16.67,21.2 1 0
stoneBanking/app/application/vo/output/accounts.go:19.63,28.2 2 0
stoneBanking/app/application/vo/output/transfers.go:13.76,22.2 2 0
stoneBanking/app/gateway/database/postgres/transfers/get_all_by_account_id.go:9.126,24.16 4 0
stoneBanking/app/gateway/database/postgres/transfers/get_all_by_account_id.go:28.2,30.20 2 0
stoneBanking/app/gateway/database/postgres/transfers/get_all_by_account_id.go:49.2,49.23 1 0
stoneBanking/app/gateway/database/postgres/transfers/get_all_by_account_id.go:24.16,26.3 1 0
stoneBanking/app/gateway/database/postgres/transfers/get_all_by_account_id.go:30.20,42.17 2 0
stoneBanking/app/gateway/database/postgres/transfers/get_all_by_account_id.go:46.3,46.46 1 0
stoneBanking/app/gateway/database/postgres/transfers/get_all_by_account_id.go:42.17,44.4 1 0
stoneBanking/app/application/vo/input/account.go:19.68,28.2 2 0
stoneBanking/app/application/vo/input/account.go:30.39,33.2 2 0
stoneBanking/app/application/vo/input/account.go:35.59,38.2 2 0
stoneBanking/app/application/usecase/account/get_balance.go:9.108,11.16 2 0
stoneBanking/app/application/usecase/account/get_balance.go:14.2,14.77 1 0
stoneBanking/app/application/usecase/account/get_balance.go:11.16,13.3 1 0
stoneBanking/app/gateway/database/postgres/accounts/get_all.go:8.92,18.16 4 0
stoneBanking/app/gateway/database/postgres/accounts/get_all.go:22.2,24.20 2 0
stoneBanking/app/gateway/database/postgres/accounts/get_all.go:32.2,32.22 1 0
stoneBanking/app/gateway/database/postgres/accounts/get_all.go:18.16,20.3 1 0
stoneBanking/app/gateway/database/postgres/accounts/get_all.go:24.20,26.17 2 0
stoneBanking/app/gateway/database/postgres/accounts/get_all.go:29.3,29.43 1 0
stoneBanking/app/gateway/database/postgres/accounts/get_all.go:26.17,28.4 1 0
stoneBanking/app/gateway/database/postgres/accounts/get_by_cpf.go:8.111,27.16 5 0
stoneBanking/app/gateway/database/postgres/accounts/get_by_cpf.go:31.2,31.24 1 0
stoneBanking/app/gateway/database/postgres/accounts/get_by_cpf.go:27.16,29.3 1 0
stoneBanking/app/gateway/web/account/get_all_accounts.go:8.78,11.16 2 0
stoneBanking/app/gateway/web/account/get_all_accounts.go:15.2,15.43 1 0
stoneBanking/app/gateway/web/account/get_all_accounts.go:11.16,13.3 1 0
stoneBanking/app/gateway/web/server/handler.go:16.43,29.2 12 0
stoneBanking/app/application/validations/account/create_account.go:7.93,9.16 2 1
stoneBanking/app/application/validations/account/create_account.go:13.2,14.16 2 1
stoneBanking/app/application/validations/account/create_account.go:18.2,19.16 2 1
stoneBanking/app/application/validations/account/create_account.go:23.2,24.16 2 1
stoneBanking/app/application/validations/account/create_account.go:28.2,28.25 1 1
stoneBanking/app/application/validations/account/create_account.go:9.16,11.3 1 1
stoneBanking/app/application/validations/account/create_account.go:14.16,16.3 1 1
stoneBanking/app/application/validations/account/create_account.go:19.16,21.3 1 1
stoneBanking/app/application/validations/account/create_account.go:24.16,26.3 1 1
stoneBanking/app/application/validations/account/create_account.go:31.46,32.16 1 1
stoneBanking/app/application/validations/account/create_account.go:36.2,36.18 1 1
stoneBanking/app/application/validations/account/create_account.go:32.16,34.3 1 1
stoneBanking/app/application/validations/account/create_account.go:39.44,40.15 1 1
stoneBanking/app/application/validations/account/create_account.go:44.2,44.20 1 1
stoneBanking/app/application/validations/account/create_account.go:48.2,48.22 1 1
stoneBanking/app/application/validations/account/create_account.go:52.2,52.30 1 1
stoneBanking/app/application/validations/account/create_account.go:55.2,55.18 1 1
stoneBanking/app/application/validations/account/create_account.go:40.15,42.3 1 1
stoneBanking/app/application/validations/account/create_account.go:44.20,46.3 1 1
stoneBanking/app/application/validations/account/create_account.go:48.22,50.3 1 1
stoneBanking/app/application/validations/account/create_account.go:52.30,54.3 1 1
stoneBanking/app/application/validations/account/create_account.go:58.50,59.18 1 1
stoneBanking/app/application/validations/account/create_account.go:63.2,63.18 1 1
stoneBanking/app/application/validations/account/create_account.go:59.18,61.3 1 1
stoneBanking/app/application/validations/account/create_account.go:66.49,67.17 1 1
stoneBanking/app/application/validations/account/create_account.go:71.2,71.18 1 1
stoneBanking/app/application/validations/account/create_account.go:67.17,69.3 1 1
stoneBanking/app/application/validations/account/create_account.go:74.34,77.24 2 1
stoneBanking/app/application/validations/account/create_account.go:82.2,84.65 3 1
stoneBanking/app/application/validations/account/create_account.go:77.24,80.3 2 1
stoneBanking/app/application/validations/account/create_account.go:87.53,89.35 2 1
stoneBanking/app/application/validations/account/create_account.go:92.2,94.18 2 1
stoneBanking/app/application/validations/account/create_account.go:98.2,98.15 1 1
stoneBanking/app/application/validations/account/create_account.go:89.35,91.3 1 1
stoneBanking/app/application/validations/account/create_account.go:94.18,96.3 1 0
stoneBanking/app/application/validations/account/create_account.go:101.54,103.35 2 1
stoneBanking/app/application/validations/account/create_account.go:106.2,108.18 2 1
stoneBanking/app/application/validations/account/create_account.go:112.2,112.15 1 1
stoneBanking/app/application/validations/account/create_account.go:103.35,105.3 1 1
stoneBanking/app/application/validations/account/create_account.go:108.18,110.3 1 1
stoneBanking/app/application/validations/account/create_account.go:115.42,117.51 1 1
stoneBanking/app/application/validations/account/create_account.go:121.2,121.13 1 1
stoneBanking/app/application/validations/account/create_account.go:117.51,119.3 1 1
stoneBanking/app/application/usecase/transfer/get_all_by_account_id.go:9.127,13.16 3 0
stoneBanking/app/application/usecase/transfer/get_all_by_account_id.go:17.2,18.16 2 0
stoneBanking/app/application/usecase/transfer/get_all_by_account_id.go:22.2,22.37 1 0
stoneBanking/app/application/usecase/transfer/get_all_by_account_id.go:27.2,27.29 1 0
stoneBanking/app/application/usecase/transfer/get_all_by_account_id.go:13.16,15.3 1 0
stoneBanking/app/application/usecase/transfer/get_all_by_account_id.go:18.16,20.3 1 0
stoneBanking/app/application/usecase/transfer/get_all_by_account_id.go:22.37,25.3 2 0
stoneBanking/app/gateway/database/postgres/accounts/update_balance_with_id.go:8.119,19.16 3 0
stoneBanking/app/gateway/database/postgres/accounts/update_balance_with_id.go:22.2,22.12 1 0
stoneBanking/app/gateway/database/postgres/accounts/update_balance_with_id.go:19.16,21.3 1 0
stoneBanking/app/gateway/web/transfer/transfer.go:9.41,13.2 1 0
stoneBanking/app/application/usecase/account/get_all_accounts.go:9.87,13.16 4 0
stoneBanking/app/application/usecase/account/get_all_accounts.go:17.2,17.35 1 0
stoneBanking/app/application/usecase/account/get_all_accounts.go:22.2,22.28 1 0
stoneBanking/app/application/usecase/account/get_all_accounts.go:13.16,15.3 1 0
stoneBanking/app/application/usecase/account/get_all_accounts.go:17.35,20.3 2 0
stoneBanking/app/gateway/web/account/login_user.go:11.81,14.16 3 0
stoneBanking/app/gateway/web/account/login_user.go:19.2,22.16 3 0
stoneBanking/app/gateway/web/account/login_user.go:27.2,27.40 1 0
stoneBanking/app/gateway/web/account/login_user.go:14.16,17.3 2 0
stoneBanking/app/gateway/web/account/login_user.go:22.16,25.3 2 0
stoneBanking/app/gateway/web/transfer/get_all_by_account_id.go:12.88,16.16 4 0
stoneBanking/app/gateway/web/transfer/get_all_by_account_id.go:21.2,21.44 1 0
stoneBanking/app/gateway/web/transfer/get_all_by_account_id.go:16.16,19.3 2 0
stoneBanking/app/application/validations/account/login_user.go:8.75,9.21 1 0
stoneBanking/app/application/validations/account/login_user.go:13.2,13.24 1 0
stoneBanking/app/application/validations/account/login_user.go:17.2,17.18 1 0
stoneBanking/app/application/validations/account/login_user.go:9.21,11.3 1 0
stoneBanking/app/application/validations/account/login_user.go:13.24,15.3 1 0
stoneBanking/app/application/usecase/account/create_account.go:11.121,18.16 5 0
stoneBanking/app/application/usecase/account/create_account.go:22.2,24.16 2 0
stoneBanking/app/application/usecase/account/create_account.go:29.2,33.16 3 0
stoneBanking/app/application/usecase/account/create_account.go:37.2,39.28 2 0
stoneBanking/app/application/usecase/account/create_account.go:18.16,20.3 1 0
stoneBanking/app/application/usecase/account/create_account.go:24.16,27.3 2 0
stoneBanking/app/application/usecase/account/create_account.go:33.16,35.3 1 0
stoneBanking/app/application/usecase/account/usecase.go:21.47,25.2 1 0
stoneBanking/app/application/usecase/transfer/create_transfer.go:12.124,15.16 2 0
stoneBanking/app/application/usecase/transfer/create_transfer.go:19.2,20.16 2 0
stoneBanking/app/application/usecase/transfer/create_transfer.go:24.2,25.16 2 0
stoneBanking/app/application/usecase/transfer/create_transfer.go:29.2,29.62 1 0
stoneBanking/app/application/usecase/transfer/create_transfer.go:33.2,44.16 3 0
stoneBanking/app/application/usecase/transfer/create_transfer.go:48.2,50.29 2 0
stoneBanking/app/application/usecase/transfer/create_transfer.go:15.16,17.3 1 0
stoneBanking/app/application/usecase/transfer/create_transfer.go:20.16,22.3 1 0
stoneBanking/app/application/usecase/transfer/create_transfer.go:25.16,27.3 1 0
stoneBanking/app/application/usecase/transfer/create_transfer.go:29.62,31.3 1 0
stoneBanking/app/application/usecase/transfer/create_transfer.go:44.16,46.3 1 0
stoneBanking/app/common/utils/cpf.go:5.42,9.2 3 0
stoneBanking/app/domain/types/money.go:5.28,7.2 1 0
stoneBanking/app/domain/types/money.go:9.34,11.2 1 0
stoneBanking/app/gateway/database/postgres/accounts/accounts.go:12.64,16.2 1 0
stoneBanking/app/gateway/database/postgres/accounts/get_by_id.go:9.127,27.16 5 0
stoneBanking/app/gateway/database/postgres/accounts/get_by_id.go:31.2,31.24 1 0
stoneBanking/app/gateway/database/postgres/accounts/get_by_id.go:27.16,29.3 1 0
stoneBanking/app/gateway/database/postgres/transfers/get_by_id.go:9.114,27.16 5 0
stoneBanking/app/gateway/database/postgres/transfers/get_by_id.go:31.2,31.26 1 0
stoneBanking/app/gateway/database/postgres/transfers/get_by_id.go:27.16,29.3 1 0
stoneBanking/app/gateway/web/account/account.go:11.54,15.2 1 0
stoneBanking/app/gateway/web/account/create_account.go:10.78,14.16 3 0
stoneBanking/app/gateway/web/account/create_account.go:19.2,22.16 3 0
stoneBanking/app/gateway/web/account/create_account.go:27.2,27.42 1 0
stoneBanking/app/gateway/web/account/create_account.go:14.16,17.3 2 0
stoneBanking/app/gateway/web/account/create_account.go:22.16,25.3 2 0
stoneBanking/app/gateway/web/server/usecase.go:13.69,18.2 1 0
stoneBanking/app/gateway/database/postgres/postgres.go:15.27,26.16 8 0
stoneBanking/app/gateway/database/postgres/postgres.go:29.2,29.15 1 0
stoneBanking/app/gateway/database/postgres/postgres.go:26.16,28.3 1 0
stoneBanking/app/gateway/database/postgres/postgres.go:32.35,34.2 1 0
stoneBanking/app/gateway/database/postgres/postgres.go:36.56,39.16 2 0
stoneBanking/app/gateway/database/postgres/postgres.go:43.2,45.16 2 0
stoneBanking/app/gateway/database/postgres/postgres.go:49.2,49.12 1 0
stoneBanking/app/gateway/database/postgres/postgres.go:39.16,41.3 1 0
stoneBanking/app/gateway/database/postgres/postgres.go:45.16,47.3 1 0
stoneBanking/app/gateway/database/postgres/transfers/create_transfers.go:8.116,37.16 5 0
stoneBanking/app/gateway/database/postgres/transfers/create_transfers.go:41.2,49.16 4 0
stoneBanking/app/gateway/database/postgres/transfers/create_transfers.go:53.2,54.16 2 0
stoneBanking/app/gateway/database/postgres/transfers/create_transfers.go:58.2,59.16 2 0
stoneBanking/app/gateway/database/postgres/transfers/create_transfers.go:63.2,64.16 2 0
stoneBanking/app/gateway/database/postgres/transfers/create_transfers.go:68.2,68.26 1 0
stoneBanking/app/gateway/database/postgres/transfers/create_transfers.go:37.16,39.3 1 0
stoneBanking/app/gateway/database/postgres/transfers/create_transfers.go:49.16,51.3 1 0
stoneBanking/app/gateway/database/postgres/transfers/create_transfers.go:54.16,56.3 1 0
stoneBanking/app/gateway/database/postgres/transfers/create_transfers.go:59.16,61.3 1 0
stoneBanking/app/gateway/database/postgres/transfers/create_transfers.go:64.16,66.3 1 0
stoneBanking/main.go:11.13,15.16 3 0
stoneBanking/main.go:19.2,25.24 5 0
stoneBanking/main.go:15.16,17.3 1 0
stoneBanking/app/application/usecase/transfer/usecase.go:22.77,27.2 1 0
stoneBanking/app/gateway/database/postgres/accounts/create_account.go:8.118,27.16 4 0
stoneBanking/app/gateway/database/postgres/accounts/create_account.go:31.2,31.24 1 0
stoneBanking/app/gateway/database/postgres/accounts/create_account.go:27.16,29.3 1 0
stoneBanking/app/gateway/database/postgres/transfers/transfer.go:12.66,16.2 1 0
stoneBanking/app/gateway/web/transfer/create_transfer.go:11.77,14.16 3 0
stoneBanking/app/gateway/web/transfer/create_transfer.go:19.2,22.16 3 0
stoneBanking/app/gateway/web/transfer/create_transfer.go:27.2,27.43 1 0
stoneBanking/app/gateway/web/transfer/create_transfer.go:14.16,17.3 2 0
stoneBanking/app/gateway/web/transfer/create_transfer.go:22.16,25.3 2 0
stoneBanking/app/application/usecase/account/login_user.go:21.112,24.16 3 0
stoneBanking/app/application/usecase/account/login_user.go:28.2,29.16 2 0
stoneBanking/app/application/usecase/account/login_user.go:33.2,33.60 1 0
stoneBanking/app/application/usecase/account/login_user.go:37.2,38.16 2 0
stoneBanking/app/application/usecase/account/login_user.go:42.2,42.48 1 0
stoneBanking/app/application/usecase/account/login_user.go:24.16,26.3 1 0
stoneBanking/app/application/usecase/account/login_user.go:29.16,31.3 1 0
stoneBanking/app/application/usecase/account/login_user.go:33.60,35.3 1 0
stoneBanking/app/application/usecase/account/login_user.go:38.16,40.3 1 0
stoneBanking/app/application/usecase/account/login_user.go:45.83,58.16 5 0
stoneBanking/app/application/usecase/account/login_user.go:61.2,61.25 1 0
stoneBanking/app/application/usecase/account/login_user.go:58.16,60.3 1 0
stoneBanking/app/application/validations/transfer/create_transfer.go:7.96,8.67 1 0
stoneBanking/app/application/validations/transfer/create_transfer.go:12.2,12.40 1 0
stoneBanking/app/application/validations/transfer/create_transfer.go:16.2,16.41 1 0
stoneBanking/app/application/validations/transfer/create_transfer.go:20.2,20.30 1 0
stoneBanking/app/application/validations/transfer/create_transfer.go:24.2,24.26 1 0
stoneBanking/app/application/validations/transfer/create_transfer.go:8.67,10.3 1 0
stoneBanking/app/application/validations/transfer/create_transfer.go:12.40,14.3 1 0
stoneBanking/app/application/validations/transfer/create_transfer.go:16.41,18.3 1 0
stoneBanking/app/application/validations/transfer/create_transfer.go:20.30,22.3 1 0
stoneBanking/app/gateway/web/account/login_user.go:11.81,14.16 3 0
stoneBanking/app/gateway/web/account/login_user.go:19.2,22.16 3 0
stoneBanking/app/gateway/web/account/login_user.go:27.2,27.40 1 0
stoneBanking/app/gateway/web/account/login_user.go:14.16,17.3 2 0
stoneBanking/app/gateway/web/account/login_user.go:22.16,25.3 2 0
stoneBanking/app/gateway/database/postgres/accounts/get_by_id.go:9.127,27.16 5 1
stoneBanking/app/gateway/database/postgres/accounts/get_by_id.go:31.2,31.24 1 0
stoneBanking/app/gateway/database/postgres/accounts/get_by_id.go:27.16,29.3 1 1
stoneBanking/app/application/usecase/transfer/get_all_by_account_id.go:9.127,13.16 3 0
stoneBanking/app/application/usecase/transfer/get_all_by_account_id.go:17.2,18.16 2 0
stoneBanking/app/application/usecase/transfer/get_all_by_account_id.go:22.2,22.37 1 0
stoneBanking/app/application/usecase/transfer/get_all_by_account_id.go:27.2,27.29 1 0
stoneBanking/app/application/usecase/transfer/get_all_by_account_id.go:13.16,15.3 1 0
stoneBanking/app/application/usecase/transfer/get_all_by_account_id.go:18.16,20.3 1 0
stoneBanking/app/application/usecase/transfer/get_all_by_account_id.go:22.37,25.3 2 0
stoneBanking/app/gateway/database/postgres/accounts/get_all.go:8.92,18.16 4 1
stoneBanking/app/gateway/database/postgres/accounts/get_all.go:22.2,24.20 2 1
stoneBanking/app/gateway/database/postgres/accounts/get_all.go:32.2,32.22 1 1
stoneBanking/app/gateway/database/postgres/accounts/get_all.go:18.16,20.3 1 0
stoneBanking/app/gateway/database/postgres/accounts/get_all.go:24.20,26.17 2 1
stoneBanking/app/gateway/database/postgres/accounts/get_all.go:29.3,29.43 1 1
stoneBanking/app/gateway/database/postgres/accounts/get_all.go:26.17,28.4 1 0
stoneBanking/app/gateway/database/postgres/accounts/update_balance_with_id.go:8.119,19.16 3 1
stoneBanking/app/gateway/database/postgres/accounts/update_balance_with_id.go:22.2,22.12 1 0
stoneBanking/app/gateway/database/postgres/accounts/update_balance_with_id.go:19.16,21.3 1 1
stoneBanking/app/application/usecase/account/usecase.go:21.47,25.2 1 0
stoneBanking/main.go:11.13,15.16 3 0
stoneBanking/main.go:19.2,25.24 5 0
stoneBanking/main.go:15.16,17.3 1 0
stoneBanking/app/gateway/database/postgres/postgres.go:15.27,26.16 8 0
stoneBanking/app/gateway/database/postgres/postgres.go:29.2,29.15 1 0
stoneBanking/app/gateway/database/postgres/postgres.go:26.16,28.3 1 0
stoneBanking/app/gateway/database/postgres/postgres.go:32.35,34.2 1 0
stoneBanking/app/gateway/database/postgres/postgres.go:36.56,39.16 2 1
stoneBanking/app/gateway/database/postgres/postgres.go:43.2,45.16 2 1
stoneBanking/app/gateway/database/postgres/postgres.go:49.2,49.12 1 1
stoneBanking/app/gateway/database/postgres/postgres.go:39.16,41.3 1 0
stoneBanking/app/gateway/database/postgres/postgres.go:45.16,47.3 1 0
stoneBanking/app/application/vo/output/transfers.go:13.76,22.2 2 0
stoneBanking/app/application/usecase/account/login_user.go:21.112,24.16 3 0
stoneBanking/app/application/usecase/account/login_user.go:28.2,29.16 2 0
stoneBanking/app/application/usecase/account/login_user.go:33.2,33.60 1 0
stoneBanking/app/application/usecase/account/login_user.go:37.2,38.16 2 0
stoneBanking/app/application/usecase/account/login_user.go:42.2,42.48 1 0
stoneBanking/app/application/usecase/account/login_user.go:24.16,26.3 1 0
stoneBanking/app/application/usecase/account/login_user.go:29.16,31.3 1 0
stoneBanking/app/application/usecase/account/login_user.go:33.60,35.3 1 0
stoneBanking/app/application/usecase/account/login_user.go:38.16,40.3 1 0
stoneBanking/app/application/usecase/account/login_user.go:45.83,58.16 5 0
stoneBanking/app/application/usecase/account/login_user.go:61.2,61.25 1 0
stoneBanking/app/application/usecase/account/login_user.go:58.16,60.3 1 0
stoneBanking/app/gateway/database/postgres/accounts/get_by_cpf.go:8.111,27.16 5 1
stoneBanking/app/gateway/database/postgres/accounts/get_by_cpf.go:31.2,31.24 1 0
stoneBanking/app/gateway/database/postgres/accounts/get_by_cpf.go:27.16,29.3 1 1
stoneBanking/app/application/vo/output/accounts.go:19.63,28.2 2 0
stoneBanking/app/gateway/database/postgres/transfers/get_by_id.go:9.114,27.16 5 0
stoneBanking/app/gateway/database/postgres/transfers/get_by_id.go:31.2,31.26 1 0
stoneBanking/app/gateway/database/postgres/transfers/get_by_id.go:27.16,29.3 1 0
stoneBanking/app/gateway/database/postgres/transfers/transfer.go:12.66,16.2 1 0
stoneBanking/app/gateway/web/transfer/create_transfer.go:11.77,14.16 3 0
stoneBanking/app/gateway/web/transfer/create_transfer.go:19.2,22.16 3 0
stoneBanking/app/gateway/web/transfer/create_transfer.go:27.2,27.43 1 0
stoneBanking/app/gateway/web/transfer/create_transfer.go:14.16,17.3 2 0
stoneBanking/app/gateway/web/transfer/create_transfer.go:22.16,25.3 2 0
stoneBanking/app/gateway/web/transfer/transfer.go:9.41,13.2 1 0
stoneBanking/app/gateway/web/server/handler.go:16.43,29.2 12 0
stoneBanking/app/gateway/database/postgres/accounts/accounts.go:12.64,16.2 1 1
stoneBanking/app/application/validations/transfer/create_transfer.go:7.96,8.67 1 0
stoneBanking/app/application/validations/transfer/create_transfer.go:12.2,12.40 1 0
stoneBanking/app/application/validations/transfer/create_transfer.go:16.2,16.41 1 0
stoneBanking/app/application/validations/transfer/create_transfer.go:20.2,20.30 1 0
stoneBanking/app/application/validations/transfer/create_transfer.go:24.2,24.26 1 0
stoneBanking/app/application/validations/transfer/create_transfer.go:8.67,10.3 1 0
stoneBanking/app/application/validations/transfer/create_transfer.go:12.40,14.3 1 0
stoneBanking/app/application/validations/transfer/create_transfer.go:16.41,18.3 1 0
stoneBanking/app/application/validations/transfer/create_transfer.go:20.30,22.3 1 0
stoneBanking/app/application/usecase/transfer/usecase.go:22.77,27.2 1 0
stoneBanking/app/gateway/web/account/account.go:11.54,15.2 1 0
stoneBanking/app/gateway/web/transfer/get_all_by_account_id.go:12.88,16.16 4 0
stoneBanking/app/gateway/web/transfer/get_all_by_account_id.go:21.2,21.44 1 0
stoneBanking/app/gateway/web/transfer/get_all_by_account_id.go:16.16,19.3 2 0
stoneBanking/app/common/utils/cpf.go:5.42,9.2 3 0
stoneBanking/app/application/validations/account/login_user.go:8.75,9.21 1 0
stoneBanking/app/application/validations/account/login_user.go:13.2,13.24 1 0
stoneBanking/app/application/validations/account/login_user.go:17.2,17.18 1 0
stoneBanking/app/application/validations/account/login_user.go:9.21,11.3 1 0
stoneBanking/app/application/validations/account/login_user.go:13.24,15.3 1 0
stoneBanking/app/application/usecase/account/get_all_accounts.go:9.87,13.16 4 0
stoneBanking/app/application/usecase/account/get_all_accounts.go:17.2,17.35 1 0
stoneBanking/app/application/usecase/account/get_all_accounts.go:22.2,22.28 1 0
stoneBanking/app/application/usecase/account/get_all_accounts.go:13.16,15.3 1 0
stoneBanking/app/application/usecase/account/get_all_accounts.go:17.35,20.3 2 0
stoneBanking/app/gateway/database/postgres/transfers/get_all.go:8.86,17.16 4 0
stoneBanking/app/gateway/database/postgres/transfers/get_all.go:21.2,23.20 2 0
stoneBanking/app/gateway/database/postgres/transfers/get_all.go:31.2,31.23 1 0
stoneBanking/app/gateway/database/postgres/transfers/get_all.go:17.16,19.3 1 0
stoneBanking/app/gateway/database/postgres/transfers/get_all.go:23.20,25.17 2 0
stoneBanking/app/gateway/database/postgres/transfers/get_all.go:28.3,28.46 1 0
stoneBanking/app/gateway/database/postgres/transfers/get_all.go:25.17,27.4 1 0
stoneBanking/app/gateway/database/postgres/transfers/get_all_by_account_id.go:9.126,24.16 4 0
stoneBanking/app/gateway/database/postgres/transfers/get_all_by_account_id.go:28.2,30.20 2 0
stoneBanking/app/gateway/database/postgres/transfers/get_all_by_account_id.go:49.2,49.23 1 0
stoneBanking/app/gateway/database/postgres/transfers/get_all_by_account_id.go:24.16,26.3 1 0
stoneBanking/app/gateway/database/postgres/transfers/get_all_by_account_id.go:30.20,42.17 2 0
stoneBanking/app/gateway/database/postgres/transfers/get_all_by_account_id.go:46.3,46.46 1 0
stoneBanking/app/gateway/database/postgres/transfers/get_all_by_account_id.go:42.17,44.4 1 0
stoneBanking/app/gateway/web/account/create_account.go:10.78,14.16 3 0
stoneBanking/app/gateway/web/account/create_account.go:19.2,22.16 3 0
stoneBanking/app/gateway/web/account/create_account.go:27.2,27.42 1 0
stoneBanking/app/gateway/web/account/create_account.go:14.16,17.3 2 0
stoneBanking/app/gateway/web/account/create_account.go:22.16,25.3 2 0
stoneBanking/app/domain/types/money.go:5.28,7.2 1 1
stoneBanking/app/domain/types/money.go:9.34,11.2 1 0
stoneBanking/app/application/validations/account/create_account.go:7.93,9.16 2 0
stoneBanking/app/application/validations/account/create_account.go:13.2,14.16 2 0
stoneBanking/app/application/validations/account/create_account.go:18.2,19.16 2 0
stoneBanking/app/application/validations/account/create_account.go:23.2,24.16 2 0
stoneBanking/app/application/validations/account/create_account.go:28.2,28.25 1 0
stoneBanking/app/application/validations/account/create_account.go:9.16,11.3 1 0
stoneBanking/app/application/validations/account/create_account.go:14.16,16.3 1 0
stoneBanking/app/application/validations/account/create_account.go:19.16,21.3 1 0
stoneBanking/app/application/validations/account/create_account.go:24.16,26.3 1 0
stoneBanking/app/application/validations/account/create_account.go:31.46,32.16 1 0
stoneBanking/app/application/validations/account/create_account.go:36.2,36.18 1 0
stoneBanking/app/application/validations/account/create_account.go:32.16,34.3 1 0
stoneBanking/app/application/validations/account/create_account.go:39.44,40.15 1 0
stoneBanking/app/application/validations/account/create_account.go:44.2,44.20 1 0
stoneBanking/app/application/validations/account/create_account.go:48.2,48.22 1 0
stoneBanking/app/application/validations/account/create_account.go:52.2,52.30 1 0
stoneBanking/app/application/validations/account/create_account.go:55.2,55.18 1 0
stoneBanking/app/application/validations/account/create_account.go:40.15,42.3 1 0
stoneBanking/app/application/validations/account/create_account.go:44.20,46.3 1 0
stoneBanking/app/application/validations/account/create_account.go:48.22,50.3 1 0
stoneBanking/app/application/validations/account/create_account.go:52.30,54.3 1 0
stoneBanking/app/application/validations/account/create_account.go:58.50,59.18 1 0
stoneBanking/app/application/validations/account/create_account.go:63.2,63.18 1 0
stoneBanking/app/application/validations/account/create_account.go:59.18,61.3 1 0
stoneBanking/app/application/validations/account/create_account.go:66.49,67.17 1 0
stoneBanking/app/application/validations/account/create_account.go:71.2,71.18 1 0
stoneBanking/app/application/validations/account/create_account.go:67.17,69.3 1 0
stoneBanking/app/application/validations/account/create_account.go:74.34,77.24 2 0
stoneBanking/app/application/validations/account/create_account.go:82.2,84.65 3 0
stoneBanking/app/application/validations/account/create_account.go:77.24,80.3 2 0
stoneBanking/app/application/validations/account/create_account.go:87.53,89.35 2 0
stoneBanking/app/application/validations/account/create_account.go:92.2,94.18 2 0
stoneBanking/app/application/validations/account/create_account.go:98.2,98.15 1 0
stoneBanking/app/application/validations/account/create_account.go:89.35,91.3 1 0
stoneBanking/app/application/validations/account/create_account.go:94.18,96.3 1 0
stoneBanking/app/application/validations/account/create_account.go:101.54,103.35 2 0
stoneBanking/app/application/validations/account/create_account.go:106.2,108.18 2 0
stoneBanking/app/application/validations/account/create_account.go:112.2,112.15 1 0
stoneBanking/app/application/validations/account/create_account.go:103.35,105.3 1 0
stoneBanking/app/application/validations/account/create_account.go:108.18,110.3 1 0
stoneBanking/app/application/validations/account/create_account.go:115.42,117.51 1 0
stoneBanking/app/application/validations/account/create_account.go:121.2,121.13 1 0
stoneBanking/app/application/validations/account/create_account.go:117.51,119.3 1 0
stoneBanking/app/application/usecase/account/create_account.go:11.121,18.16 5 0
stoneBanking/app/application/usecase/account/create_account.go:22.2,24.16 2 0
stoneBanking/app/application/usecase/account/create_account.go:29.2,33.16 3 0
stoneBanking/app/application/usecase/account/create_account.go:37.2,39.28 2 0
stoneBanking/app/application/usecase/account/create_account.go:18.16,20.3 1 0
stoneBanking/app/application/usecase/account/create_account.go:24.16,27.3 2 0
stoneBanking/app/application/usecase/account/create_account.go:33.16,35.3 1 0
stoneBanking/app/gateway/database/postgres/transfers/create_transfers.go:8.116,37.16 5 0
stoneBanking/app/gateway/database/postgres/transfers/create_transfers.go:41.2,49.16 4 0
stoneBanking/app/gateway/database/postgres/transfers/create_transfers.go:53.2,54.16 2 0
stoneBanking/app/gateway/database/postgres/transfers/create_transfers.go:58.2,59.16 2 0
stoneBanking/app/gateway/database/postgres/transfers/create_transfers.go:63.2,64.16 2 0
stoneBanking/app/gateway/database/postgres/transfers/create_transfers.go:68.2,68.26 1 0
stoneBanking/app/gateway/database/postgres/transfers/create_transfers.go:37.16,39.3 1 0
stoneBanking/app/gateway/database/postgres/transfers/create_transfers.go:49.16,51.3 1 0
stoneBanking/app/gateway/database/postgres/transfers/create_transfers.go:54.16,56.3 1 0
stoneBanking/app/gateway/database/postgres/transfers/create_transfers.go:59.16,61.3 1 0
stoneBanking/app/gateway/database/postgres/transfers/create_transfers.go:64.16,66.3 1 0
stoneBanking/app/gateway/web/account/get_all_accounts.go:8.78,11.16 2 0
stoneBanking/app/gateway/web/account/get_all_accounts.go:15.2,15.43 1 0
stoneBanking/app/gateway/web/account/get_all_accounts.go:11.16,13.3 1 0
stoneBanking/app/gateway/web/account/get_balance.go:10.82,15.16 4 0
stoneBanking/app/gateway/web/account/get_balance.go:19.2,19.43 1 0
stoneBanking/app/gateway/web/account/get_balance.go:15.16,17.3 1 0
stoneBanking/app/gateway/web/server/repositories.go:16.67,21.2 1 0
stoneBanking/app/gateway/web/server/usecase.go:13.69,18.2 1 0
stoneBanking/app/gateway/database/postgres/accounts/create_account.go:8.118,27.16 4 1
stoneBanking/app/gateway/database/postgres/accounts/create_account.go:31.2,31.24 1 1
stoneBanking/app/gateway/database/postgres/accounts/create_account.go:27.16,29.3 1 1
stoneBanking/app/application/vo/input/account.go:19.68,28.2 2 0
stoneBanking/app/application/vo/input/account.go:30.39,33.2 2 0
stoneBanking/app/application/vo/input/account.go:35.59,38.2 2 0
stoneBanking/app/application/usecase/account/get_balance.go:9.108,11.16 2 0
stoneBanking/app/application/usecase/account/get_balance.go:14.2,14.77 1 0
stoneBanking/app/application/usecase/account/get_balance.go:11.16,13.3 1 0
stoneBanking/app/application/usecase/transfer/create_transfer.go:12.124,15.16 2 0
stoneBanking/app/application/usecase/transfer/create_transfer.go:19.2,20.16 2 0
stoneBanking/app/application/usecase/transfer/create_transfer.go:24.2,25.16 2 0
stoneBanking/app/application/usecase/transfer/create_transfer.go:29.2,29.62 1 0
stoneBanking/app/application/usecase/transfer/create_transfer.go:33.2,44.16 3 0
stoneBanking/app/application/usecase/transfer/create_transfer.go:48.2,50.29 2 0
stoneBanking/app/application/usecase/transfer/create_transfer.go:15.16,17.3 1 0
stoneBanking/app/application/usecase/transfer/create_transfer.go:20.16,22.3 1 0
stoneBanking/app/application/usecase/transfer/create_transfer.go:25.16,27.3 1 0
stoneBanking/app/application/usecase/transfer/create_transfer.go:29.62,31.3 1 0
stoneBanking/app/application/usecase/transfer/create_transfer.go:44.16,46.3 1 0
stoneBanking/app/application/usecase/account/usecase.go:21.47,25.2 1 0
stoneBanking/app/application/usecase/transfer/usecase.go:22.77,27.2 1 0
stoneBanking/app/gateway/database/postgres/accounts/update_balance_with_id.go:8.119,19.16 3 0
stoneBanking/app/gateway/database/postgres/accounts/update_balance_with_id.go:22.2,22.12 1 0
stoneBanking/app/gateway/database/postgres/accounts/update_balance_with_id.go:19.16,21.3 1 0
stoneBanking/app/gateway/web/account/get_balance.go:10.82,15.16 4 0
stoneBanking/app/gateway/web/account/get_balance.go:19.2,19.43 1 0
stoneBanking/app/gateway/web/account/get_balance.go:15.16,17.3 1 0
stoneBanking/app/domain/types/money.go:5.28,7.2 1 0
stoneBanking/app/domain/types/money.go:9.34,11.2 1 0
stoneBanking/app/gateway/database/postgres/transfers/create_transfers.go:8.116,37.16 5 1
stoneBanking/app/gateway/database/postgres/transfers/create_transfers.go:41.2,49.16 4 1
stoneBanking/app/gateway/database/postgres/transfers/create_transfers.go:53.2,54.16 2 1
stoneBanking/app/gateway/database/postgres/transfers/create_transfers.go:58.2,59.16 2 1
stoneBanking/app/gateway/database/postgres/transfers/create_transfers.go:63.2,64.16 2 1
stoneBanking/app/gateway/database/postgres/transfers/create_transfers.go:68.2,68.26 1 1
stoneBanking/app/gateway/database/postgres/transfers/create_transfers.go:37.16,39.3 1 0
stoneBanking/app/gateway/database/postgres/transfers/create_transfers.go:49.16,51.3 1 1
stoneBanking/app/gateway/database/postgres/transfers/create_transfers.go:54.16,56.3 1 0
stoneBanking/app/gateway/database/postgres/transfers/create_transfers.go:59.16,61.3 1 0
stoneBanking/app/gateway/database/postgres/transfers/create_transfers.go:64.16,66.3 1 0
stoneBanking/app/gateway/web/transfer/create_transfer.go:11.77,14.16 3 0
stoneBanking/app/gateway/web/transfer/create_transfer.go:19.2,22.16 3 0
stoneBanking/app/gateway/web/transfer/create_transfer.go:27.2,27.43 1 0
stoneBanking/app/gateway/web/transfer/create_transfer.go:14.16,17.3 2 0
stoneBanking/app/gateway/web/transfer/create_transfer.go:22.16,25.3 2 0
stoneBanking/app/gateway/web/transfer/get_all_by_account_id.go:12.88,16.16 4 0
stoneBanking/app/gateway/web/transfer/get_all_by_account_id.go:21.2,21.44 1 0
stoneBanking/app/gateway/web/transfer/get_all_by_account_id.go:16.16,19.3 2 0
stoneBanking/app/gateway/web/server/usecase.go:13.69,18.2 1 0
stoneBanking/app/application/vo/output/transfers.go:13.76,22.2 2 0
stoneBanking/app/application/usecase/account/get_balance.go:9.108,11.16 2 0
stoneBanking/app/application/usecase/account/get_balance.go:14.2,14.77 1 0
stoneBanking/app/application/usecase/account/get_balance.go:11.16,13.3 1 0
stoneBanking/app/gateway/database/postgres/accounts/get_all.go:8.92,18.16 4 0
stoneBanking/app/gateway/database/postgres/accounts/get_all.go:22.2,24.20 2 0
stoneBanking/app/gateway/database/postgres/accounts/get_all.go:32.2,32.22 1 0
stoneBanking/app/gateway/database/postgres/accounts/get_all.go:18.16,20.3 1 0
stoneBanking/app/gateway/database/postgres/accounts/get_all.go:24.20,26.17 2 0
stoneBanking/app/gateway/database/postgres/accounts/get_all.go:29.3,29.43 1 0
stoneBanking/app/gateway/database/postgres/accounts/get_all.go:26.17,28.4 1 0
stoneBanking/app/gateway/web/account/login_user.go:11.81,14.16 3 0
stoneBanking/app/gateway/web/account/login_user.go:19.2,22.16 3 0
stoneBanking/app/gateway/web/account/login_user.go:27.2,27.40 1 0
stoneBanking/app/gateway/web/account/login_user.go:14.16,17.3 2 0
stoneBanking/app/gateway/web/account/login_user.go:22.16,25.3 2 0
stoneBanking/app/gateway/database/postgres/transfers/get_by_id.go:9.114,27.16 5 1
stoneBanking/app/gateway/database/postgres/transfers/get_by_id.go:31.2,31.26 1 0
stoneBanking/app/gateway/database/postgres/transfers/get_by_id.go:27.16,29.3 1 1
stoneBanking/app/application/vo/input/account.go:19.68,28.2 2 0
stoneBanking/app/application/vo/input/account.go:30.39,33.2 2 0
stoneBanking/app/application/vo/input/account.go:35.59,38.2 2 0
stoneBanking/app/gateway/web/account/create_account.go:10.78,14.16 3 0
stoneBanking/app/gateway/web/account/create_account.go:19.2,22.16 3 0
stoneBanking/app/gateway/web/account/create_account.go:27.2,27.42 1 0
stoneBanking/app/gateway/web/account/create_account.go:14.16,17.3 2 0
stoneBanking/app/gateway/web/account/create_account.go:22.16,25.3 2 0
stoneBanking/app/gateway/web/server/handler.go:16.43,29.2 12 0
stoneBanking/app/gateway/web/account/account.go:11.54,15.2 1 0
stoneBanking/app/gateway/web/transfer/transfer.go:9.41,13.2 1 0
stoneBanking/app/gateway/database/postgres/transfers/get_all.go:8.86,17.16 4 1
stoneBanking/app/gateway/database/postgres/transfers/get_all.go:21.2,23.20 2 1
stoneBanking/app/gateway/database/postgres/transfers/get_all.go:31.2,31.23 1 1
stoneBanking/app/gateway/database/postgres/transfers/get_all.go:17.16,19.3 1 0
stoneBanking/app/gateway/database/postgres/transfers/get_all.go:23.20,25.17 2 1
stoneBanking/app/gateway/database/postgres/transfers/get_all.go:28.3,28.46 1 1
stoneBanking/app/gateway/database/postgres/transfers/get_all.go:25.17,27.4 1 0
stoneBanking/app/application/validations/account/login_user.go:8.75,9.21 1 0
stoneBanking/app/application/validations/account/login_user.go:13.2,13.24 1 0
stoneBanking/app/application/validations/account/login_user.go:17.2,17.18 1 0
stoneBanking/app/application/validations/account/login_user.go:9.21,11.3 1 0
stoneBanking/app/application/validations/account/login_user.go:13.24,15.3 1 0
stoneBanking/app/application/usecase/account/create_account.go:11.121,18.16 5 0
stoneBanking/app/application/usecase/account/create_account.go:22.2,24.16 2 0
stoneBanking/app/application/usecase/account/create_account.go:29.2,33.16 3 0
stoneBanking/app/application/usecase/account/create_account.go:37.2,39.28 2 0
stoneBanking/app/application/usecase/account/create_account.go:18.16,20.3 1 0
stoneBanking/app/application/usecase/account/create_account.go:24.16,27.3 2 0
stoneBanking/app/application/usecase/account/create_account.go:33.16,35.3 1 0
stoneBanking/app/application/usecase/transfer/create_transfer.go:12.124,15.16 2 0
stoneBanking/app/application/usecase/transfer/create_transfer.go:19.2,20.16 2 0
stoneBanking/app/application/usecase/transfer/create_transfer.go:24.2,25.16 2 0
stoneBanking/app/application/usecase/transfer/create_transfer.go:29.2,29.62 1 0
stoneBanking/app/application/usecase/transfer/create_transfer.go:33.2,44.16 3 0
stoneBanking/app/application/usecase/transfer/create_transfer.go:48.2,50.29 2 0
stoneBanking/app/application/usecase/transfer/create_transfer.go:15.16,17.3 1 0
stoneBanking/app/application/usecase/transfer/create_transfer.go:20.16,22.3 1 0
stoneBanking/app/application/usecase/transfer/create_transfer.go:25.16,27.3 1 0
stoneBanking/app/application/usecase/transfer/create_transfer.go:29.62,31.3 1 0
stoneBanking/app/application/usecase/transfer/create_transfer.go:44.16,46.3 1 0
stoneBanking/app/gateway/database/postgres/postgres.go:15.27,26.16 8 0
stoneBanking/app/gateway/database/postgres/postgres.go:29.2,29.15 1 0
stoneBanking/app/gateway/database/postgres/postgres.go:26.16,28.3 1 0
stoneBanking/app/gateway/database/postgres/postgres.go:32.35,34.2 1 0
stoneBanking/app/gateway/database/postgres/postgres.go:36.56,39.16 2 1
stoneBanking/app/gateway/database/postgres/postgres.go:43.2,45.16 2 1
stoneBanking/app/gateway/database/postgres/postgres.go:49.2,49.12 1 1
stoneBanking/app/gateway/database/postgres/postgres.go:39.16,41.3 1 0
stoneBanking/app/gateway/database/postgres/postgres.go:45.16,47.3 1 0
stoneBanking/app/application/validations/account/create_account.go:7.93,9.16 2 0
stoneBanking/app/application/validations/account/create_account.go:13.2,14.16 2 0
stoneBanking/app/application/validations/account/create_account.go:18.2,19.16 2 0
stoneBanking/app/application/validations/account/create_account.go:23.2,24.16 2 0
stoneBanking/app/application/validations/account/create_account.go:28.2,28.25 1 0
stoneBanking/app/application/validations/account/create_account.go:9.16,11.3 1 0
stoneBanking/app/application/validations/account/create_account.go:14.16,16.3 1 0
stoneBanking/app/application/validations/account/create_account.go:19.16,21.3 1 0
stoneBanking/app/application/validations/account/create_account.go:24.16,26.3 1 0
stoneBanking/app/application/validations/account/create_account.go:31.46,32.16 1 0
stoneBanking/app/application/validations/account/create_account.go:36.2,36.18 1 0
stoneBanking/app/application/validations/account/create_account.go:32.16,34.3 1 0
stoneBanking/app/application/validations/account/create_account.go:39.44,40.15 1 0
stoneBanking/app/application/validations/account/create_account.go:44.2,44.20 1 0
stoneBanking/app/application/validations/account/create_account.go:48.2,48.22 1 0
stoneBanking/app/application/validations/account/create_account.go:52.2,52.30 1 0
stoneBanking/app/application/validations/account/create_account.go:55.2,55.18 1 0
stoneBanking/app/application/validations/account/create_account.go:40.15,42.3 1 0
stoneBanking/app/application/validations/account/create_account.go:44.20,46.3 1 0
stoneBanking/app/application/validations/account/create_account.go:48.22,50.3 1 0
stoneBanking/app/application/validations/account/create_account.go:52.30,54.3 1 0
stoneBanking/app/application/validations/account/create_account.go:58.50,59.18 1 0
stoneBanking/app/application/validations/account/create_account.go:63.2,63.18 1 0
stoneBanking/app/application/validations/account/create_account.go:59.18,61.3 1 0
stoneBanking/app/application/validations/account/create_account.go:66.49,67.17 1 0
stoneBanking/app/application/validations/account/create_account.go:71.2,71.18 1 0
stoneBanking/app/application/validations/account/create_account.go:67.17,69.3 1 0
stoneBanking/app/application/validations/account/create_account.go:74.34,77.24 2 0
stoneBanking/app/application/validations/account/create_account.go:82.2,84.65 3 0
stoneBanking/app/application/validations/account/create_account.go:77.24,80.3 2 0
stoneBanking/app/application/validations/account/create_account.go:87.53,89.35 2 0
stoneBanking/app/application/validations/account/create_account.go:92.2,94.18 2 0
stoneBanking/app/application/validations/account/create_account.go:98.2,98.15 1 0
stoneBanking/app/application/validations/account/create_account.go:89.35,91.3 1 0
stoneBanking/app/application/validations/account/create_account.go:94.18,96.3 1 0
stoneBanking/app/application/validations/account/create_account.go:101.54,103.35 2 0
stoneBanking/app/application/validations/account/create_account.go:106.2,108.18 2 0
stoneBanking/app/application/validations/account/create_account.go:112.2,112.15 1 0
stoneBanking/app/application/validations/account/create_account.go:103.35,105.3 1 0
stoneBanking/app/application/validations/account/create_account.go:108.18,110.3 1 0
stoneBanking/app/application/validations/account/create_account.go:115.42,117.51 1 0
stoneBanking/app/application/validations/account/create_account.go:121.2,121.13 1 0
stoneBanking/app/application/validations/account/create_account.go:117.51,119.3 1 0
stoneBanking/main.go:11.13,15.16 3 0
stoneBanking/main.go:19.2,25.24 5 0
stoneBanking/main.go:15.16,17.3 1 0
stoneBanking/app/gateway/database/postgres/transfers/transfer.go:12.66,16.2 1 1
stoneBanking/app/application/usecase/account/get_all_accounts.go:9.87,13.16 4 0
stoneBanking/app/application/usecase/account/get_all_accounts.go:17.2,17.35 1 0
stoneBanking/app/application/usecase/account/get_all_accounts.go:22.2,22.28 1 0
stoneBanking/app/application/usecase/account/get_all_accounts.go:13.16,15.3 1 0
stoneBanking/app/application/usecase/account/get_all_accounts.go:17.35,20.3 2 0
stoneBanking/app/gateway/database/postgres/accounts/accounts.go:12.64,16.2 1 0
stoneBanking/app/gateway/web/account/get_all_accounts.go:8.78,11.16 2 0
stoneBanking/app/gateway/web/account/get_all_accounts.go:15.2,15.43 1 0
stoneBanking/app/gateway/web/account/get_all_accounts.go:11.16,13.3 1 0
stoneBanking/app/application/usecase/transfer/get_all_by_account_id.go:9.127,13.16 3 0
stoneBanking/app/application/usecase/transfer/get_all_by_account_id.go:17.2,18.16 2 0
stoneBanking/app/application/usecase/transfer/get_all_by_account_id.go:22.2,22.37 1 0
stoneBanking/app/application/usecase/transfer/get_all_by_account_id.go:27.2,27.29 1 0
stoneBanking/app/application/usecase/transfer/get_all_by_account_id.go:13.16,15.3 1 0
stoneBanking/app/application/usecase/transfer/get_all_by_account_id.go:18.16,20.3 1 0
stoneBanking/app/application/usecase/transfer/get_all_by_account_id.go:22.37,25.3 2 0
stoneBanking/app/gateway/database/postgres/accounts/create_account.go:8.118,27.16 4 0
stoneBanking/app/gateway/database/postgres/accounts/create_account.go:31.2,31.24 1 0
stoneBanking/app/gateway/database/postgres/accounts/create_account.go:27.16,29.3 1 0
stoneBanking/app/gateway/database/postgres/accounts/get_by_cpf.go:8.111,27.16 5 0
stoneBanking/app/gateway/database/postgres/accounts/get_by_cpf.go:31.2,31.24 1 0
stoneBanking/app/gateway/database/postgres/accounts/get_by_cpf.go:27.16,29.3 1 0
stoneBanking/app/gateway/database/postgres/accounts/get_by_id.go:9.127,27.16 5 0
stoneBanking/app/gateway/database/postgres/accounts/get_by_id.go:31.2,31.24 1 0
stoneBanking/app/gateway/database/postgres/accounts/get_by_id.go:27.16,29.3 1 0
stoneBanking/app/common/utils/cpf.go:5.42,9.2 3 0
stoneBanking/app/application/vo/output/accounts.go:19.63,28.2 2 0
stoneBanking/app/application/usecase/account/login_user.go:21.112,24.16 3 0
stoneBanking/app/application/usecase/account/login_user.go:28.2,29.16 2 0
stoneBanking/app/application/usecase/account/login_user.go:33.2,33.60 1 0
stoneBanking/app/application/usecase/account/login_user.go:37.2,38.16 2 0
stoneBanking/app/application/usecase/account/login_user.go:42.2,42.48 1 0
stoneBanking/app/application/usecase/account/login_user.go:24.16,26.3 1 0
stoneBanking/app/application/usecase/account/login_user.go:29.16,31.3 1 0
stoneBanking/app/application/usecase/account/login_user.go:33.60,35.3 1 0
stoneBanking/app/application/usecase/account/login_user.go:38.16,40.3 1 0
stoneBanking/app/application/usecase/account/login_user.go:45.83,58.16 5 0
stoneBanking/app/application/usecase/account/login_user.go:61.2,61.25 1 0
stoneBanking/app/application/usecase/account/login_user.go:58.16,60.3 1 0
stoneBanking/app/application/validations/transfer/create_transfer.go:7.96,8.67 1 0
stoneBanking/app/application/validations/transfer/create_transfer.go:12.2,12.40 1 0
stoneBanking/app/application/validations/transfer/create_transfer.go:16.2,16.41 1 0
stoneBanking/app/application/validations/transfer/create_transfer.go:20.2,20.30 1 0
stoneBanking/app/application/validations/transfer/create_transfer.go:24.2,24.26 1 0
stoneBanking/app/application/validations/transfer/create_transfer.go:8.67,10.3 1 0
stoneBanking/app/application/validations/transfer/create_transfer.go:12.40,14.3 1 0
stoneBanking/app/application/validations/transfer/create_transfer.go:16.41,18.3 1 0
stoneBanking/app/application/validations/transfer/create_transfer.go:20.30,22.3 1 0
stoneBanking/app/gateway/web/server/repositories.go:16.67,21.2 1 0
stoneBanking/app/gateway/database/postgres/transfers/get_all_by_account_id.go:9.126,24.16 4 1
stoneBanking/app/gateway/database/postgres/transfers/get_all_by_account_id.go:28.2,30.20 2 1
stoneBanking/app/gateway/database/postgres/transfers/get_all_by_account_id.go:49.2,49.23 1 1
stoneBanking/app/gateway/database/postgres/transfers/get_all_by_account_id.go:24.16,26.3 1 0
stoneBanking/app/gateway/database/postgres/transfers/get_all_by_account_id.go:30.20,42.17 2 1
stoneBanking/app/gateway/database/postgres/transfers/get_all_by_account_id.go:46.3,46.46 1 1
stoneBanking/app/gateway/database/postgres/transfers/get_all_by_account_id.go:42.17,44.4 1 0
